2024-08-26 01:14:45,760 [Worker-1: Loading available Gradle versions] INFO  o.e.b.c.i.u.g.PublishedGradleVersions - Gradle version information cache is up-to-date. Trying to read.
2024-08-26 01:18:40,946 [ModalContext] INFO  o.e.m.c.i.e.AbstractTransferListenerAdapter - Downloading https://repo.maven.apache.org/maven2/org/apache/maven/archetypes/maven-archetype-quickstart/1.1/maven-archetype-quickstart-1.1.pom
2024-08-26 01:18:40,968 [ModalContext] INFO  o.e.m.c.i.e.AbstractTransferListenerAdapter - Downloaded https://repo.maven.apache.org/maven2/org/apache/maven/archetypes/maven-archetype-quickstart/1.1/maven-archetype-quickstart-1.1.pom
2024-08-26 01:18:41,258 [ModalContext] INFO  o.e.m.c.i.e.AbstractTransferListenerAdapter - Downloading https://repo.maven.apache.org/maven2/org/apache/maven/archetypes/maven-archetype-bundles/4/maven-archetype-bundles-4.pom
2024-08-26 01:18:41,277 [ModalContext] INFO  o.e.m.c.i.e.AbstractTransferListenerAdapter - Downloaded https://repo.maven.apache.org/maven2/org/apache/maven/archetypes/maven-archetype-bundles/4/maven-archetype-bundles-4.pom
2024-08-26 01:18:41,562 [ModalContext] INFO  o.e.m.c.i.e.AbstractTransferListenerAdapter - Downloading https://repo.maven.apache.org/maven2/org/apache/maven/archetype/maven-archetype/2.0-alpha-5/maven-archetype-2.0-alpha-5.pom
2024-08-26 01:18:41,583 [ModalContext] INFO  o.e.m.c.i.e.AbstractTransferListenerAdapter - Downloaded https://repo.maven.apache.org/maven2/org/apache/maven/archetype/maven-archetype/2.0-alpha-5/maven-archetype-2.0-alpha-5.pom
2024-08-26 01:18:41,924 [ModalContext] INFO  o.e.m.c.i.e.AbstractTransferListenerAdapter - Downloading https://repo.maven.apache.org/maven2/org/apache/maven/archetypes/maven-archetype-quickstart/1.1/maven-archetype-quickstart-1.1.jar
2024-08-26 01:18:41,970 [ModalContext] INFO  o.e.m.c.i.e.AbstractTransferListenerAdapter - Downloaded https://repo.maven.apache.org/maven2/org/apache/maven/archetypes/maven-archetype-quickstart/1.1/maven-archetype-quickstart-1.1.jar
2024-08-26 01:20:30,715 [Worker-30: Launching mavenrun-609732fd-3554-4b49-a101-89132fceb47a] INFO  o.eclipse.m2e.core.internal.Bundles - getClasspathEntries(Bundle=org.eclipse.m2e.maven.runtime_3.9.700.20240602-2313 [645])
2024-08-26 01:20:30,716 [Worker-30: Launching mavenrun-609732fd-3554-4b49-a101-89132fceb47a] INFO  o.eclipse.m2e.core.internal.Bundles - 	Entry: C:\Users\Pawee\Downloads\eclipse-jee-2024-06-R-win32-x86_64\eclipse\plugins\org.eclipse.m2e.maven.runtime_3.9.700.20240602-2313
2024-08-26 01:20:30,716 [Worker-30: Launching mavenrun-609732fd-3554-4b49-a101-89132fceb47a] INFO  o.eclipse.m2e.core.internal.Bundles - 	Entry: C:\Users\Pawee\Downloads\eclipse-jee-2024-06-R-win32-x86_64\eclipse\plugins\org.eclipse.m2e.maven.runtime_3.9.700.20240602-2313\jars\aopalliance-1.0.jar
2024-08-26 01:20:30,717 [Worker-30: Launching mavenrun-609732fd-3554-4b49-a101-89132fceb47a] INFO  o.eclipse.m2e.core.internal.Bundles - 	Entry: C:\Users\Pawee\Downloads\eclipse-jee-2024-06-R-win32-x86_64\eclipse\plugins\org.eclipse.m2e.maven.runtime_3.9.700.20240602-2313\jars\guice-5.1.0.jar
2024-08-26 01:20:30,717 [Worker-30: Launching mavenrun-609732fd-3554-4b49-a101-89132fceb47a] INFO  o.eclipse.m2e.core.internal.Bundles - 	Entry: C:\Users\Pawee\Downloads\eclipse-jee-2024-06-R-win32-x86_64\eclipse\plugins\org.eclipse.m2e.maven.runtime_3.9.700.20240602-2313\jars\httpclient-4.5.14.jar
2024-08-26 01:20:30,717 [Worker-30: Launching mavenrun-609732fd-3554-4b49-a101-89132fceb47a] INFO  o.eclipse.m2e.core.internal.Bundles - 	Entry: C:\Users\Pawee\Downloads\eclipse-jee-2024-06-R-win32-x86_64\eclipse\plugins\org.eclipse.m2e.maven.runtime_3.9.700.20240602-2313\jars\httpcore-4.4.16.jar
2024-08-26 01:20:30,717 [Worker-30: Launching mavenrun-609732fd-3554-4b49-a101-89132fceb47a] INFO  o.eclipse.m2e.core.internal.Bundles - 	Entry: C:\Users\Pawee\Downloads\eclipse-jee-2024-06-R-win32-x86_64\eclipse\plugins\org.eclipse.m2e.maven.runtime_3.9.700.20240602-2313\jars\jansi-2.4.1.jar
2024-08-26 01:20:30,717 [Worker-30: Launching mavenrun-609732fd-3554-4b49-a101-89132fceb47a] INFO  o.eclipse.m2e.core.internal.Bundles - 	Entry: C:\Users\Pawee\Downloads\eclipse-jee-2024-06-R-win32-x86_64\eclipse\plugins\org.eclipse.m2e.maven.runtime_3.9.700.20240602-2313\jars\jcl-over-slf4j-1.7.36.jar
2024-08-26 01:20:30,717 [Worker-30: Launching mavenrun-609732fd-3554-4b49-a101-89132fceb47a] INFO  o.eclipse.m2e.core.internal.Bundles - 	Entry: C:\Users\Pawee\Downloads\eclipse-jee-2024-06-R-win32-x86_64\eclipse\plugins\org.eclipse.m2e.maven.runtime_3.9.700.20240602-2313\jars\maven-artifact-3.9.7.jar
2024-08-26 01:20:30,717 [Worker-30: Launching mavenrun-609732fd-3554-4b49-a101-89132fceb47a] INFO  o.eclipse.m2e.core.internal.Bundles - 	Entry: C:\Users\Pawee\Downloads\eclipse-jee-2024-06-R-win32-x86_64\eclipse\plugins\org.eclipse.m2e.maven.runtime_3.9.700.20240602-2313\jars\maven-builder-support-3.9.7.jar
2024-08-26 01:20:30,717 [Worker-30: Launching mavenrun-609732fd-3554-4b49-a101-89132fceb47a] INFO  o.eclipse.m2e.core.internal.Bundles - 	Entry: C:\Users\Pawee\Downloads\eclipse-jee-2024-06-R-win32-x86_64\eclipse\plugins\org.eclipse.m2e.maven.runtime_3.9.700.20240602-2313\jars\maven-compat-3.9.7.jar
2024-08-26 01:20:30,717 [Worker-30: Launching mavenrun-609732fd-3554-4b49-a101-89132fceb47a] INFO  o.eclipse.m2e.core.internal.Bundles - 	Entry: C:\Users\Pawee\Downloads\eclipse-jee-2024-06-R-win32-x86_64\eclipse\plugins\org.eclipse.m2e.maven.runtime_3.9.700.20240602-2313\jars\maven-core-3.9.7.jar
2024-08-26 01:20:30,717 [Worker-30: Launching mavenrun-609732fd-3554-4b49-a101-89132fceb47a] INFO  o.eclipse.m2e.core.internal.Bundles - 	Entry: C:\Users\Pawee\Downloads\eclipse-jee-2024-06-R-win32-x86_64\eclipse\plugins\org.eclipse.m2e.maven.runtime_3.9.700.20240602-2313\jars\maven-embedder-3.9.7.jar
2024-08-26 01:20:30,717 [Worker-30: Launching mavenrun-609732fd-3554-4b49-a101-89132fceb47a] INFO  o.eclipse.m2e.core.internal.Bundles - 	Entry: C:\Users\Pawee\Downloads\eclipse-jee-2024-06-R-win32-x86_64\eclipse\plugins\org.eclipse.m2e.maven.runtime_3.9.700.20240602-2313\jars\maven-model-3.9.7.jar
2024-08-26 01:20:30,717 [Worker-30: Launching mavenrun-609732fd-3554-4b49-a101-89132fceb47a] INFO  o.eclipse.m2e.core.internal.Bundles - 	Entry: C:\Users\Pawee\Downloads\eclipse-jee-2024-06-R-win32-x86_64\eclipse\plugins\org.eclipse.m2e.maven.runtime_3.9.700.20240602-2313\jars\maven-model-builder-3.9.7.jar
2024-08-26 01:20:30,717 [Worker-30: Launching mavenrun-609732fd-3554-4b49-a101-89132fceb47a] INFO  o.eclipse.m2e.core.internal.Bundles - 	Entry: C:\Users\Pawee\Downloads\eclipse-jee-2024-06-R-win32-x86_64\eclipse\plugins\org.eclipse.m2e.maven.runtime_3.9.700.20240602-2313\jars\maven-plugin-api-3.9.7.jar
2024-08-26 01:20:30,717 [Worker-30: Launching mavenrun-609732fd-3554-4b49-a101-89132fceb47a] INFO  o.eclipse.m2e.core.internal.Bundles - 	Entry: C:\Users\Pawee\Downloads\eclipse-jee-2024-06-R-win32-x86_64\eclipse\plugins\org.eclipse.m2e.maven.runtime_3.9.700.20240602-2313\jars\maven-repository-metadata-3.9.7.jar
2024-08-26 01:20:30,717 [Worker-30: Launching mavenrun-609732fd-3554-4b49-a101-89132fceb47a] INFO  o.eclipse.m2e.core.internal.Bundles - 	Entry: C:\Users\Pawee\Downloads\eclipse-jee-2024-06-R-win32-x86_64\eclipse\plugins\org.eclipse.m2e.maven.runtime_3.9.700.20240602-2313\jars\maven-resolver-api-1.9.20.jar
2024-08-26 01:20:30,717 [Worker-30: Launching mavenrun-609732fd-3554-4b49-a101-89132fceb47a] INFO  o.eclipse.m2e.core.internal.Bundles - 	Entry: C:\Users\Pawee\Downloads\eclipse-jee-2024-06-R-win32-x86_64\eclipse\plugins\org.eclipse.m2e.maven.runtime_3.9.700.20240602-2313\jars\maven-resolver-connector-basic-1.9.20.jar
2024-08-26 01:20:30,717 [Worker-30: Launching mavenrun-609732fd-3554-4b49-a101-89132fceb47a] INFO  o.eclipse.m2e.core.internal.Bundles - 	Entry: C:\Users\Pawee\Downloads\eclipse-jee-2024-06-R-win32-x86_64\eclipse\plugins\org.eclipse.m2e.maven.runtime_3.9.700.20240602-2313\jars\maven-resolver-impl-1.9.20.jar
2024-08-26 01:20:30,717 [Worker-30: Launching mavenrun-609732fd-3554-4b49-a101-89132fceb47a] INFO  o.eclipse.m2e.core.internal.Bundles - 	Entry: C:\Users\Pawee\Downloads\eclipse-jee-2024-06-R-win32-x86_64\eclipse\plugins\org.eclipse.m2e.maven.runtime_3.9.700.20240602-2313\jars\maven-resolver-named-locks-1.9.20.jar
2024-08-26 01:20:30,717 [Worker-30: Launching mavenrun-609732fd-3554-4b49-a101-89132fceb47a] INFO  o.eclipse.m2e.core.internal.Bundles - 	Entry: C:\Users\Pawee\Downloads\eclipse-jee-2024-06-R-win32-x86_64\eclipse\plugins\org.eclipse.m2e.maven.runtime_3.9.700.20240602-2313\jars\maven-resolver-provider-3.9.7.jar
2024-08-26 01:20:30,717 [Worker-30: Launching mavenrun-609732fd-3554-4b49-a101-89132fceb47a] INFO  o.eclipse.m2e.core.internal.Bundles - 	Entry: C:\Users\Pawee\Downloads\eclipse-jee-2024-06-R-win32-x86_64\eclipse\plugins\org.eclipse.m2e.maven.runtime_3.9.700.20240602-2313\jars\maven-resolver-spi-1.9.20.jar
2024-08-26 01:20:30,717 [Worker-30: Launching mavenrun-609732fd-3554-4b49-a101-89132fceb47a] INFO  o.eclipse.m2e.core.internal.Bundles - 	Entry: C:\Users\Pawee\Downloads\eclipse-jee-2024-06-R-win32-x86_64\eclipse\plugins\org.eclipse.m2e.maven.runtime_3.9.700.20240602-2313\jars\maven-resolver-transport-file-1.9.20.jar
2024-08-26 01:20:30,717 [Worker-30: Launching mavenrun-609732fd-3554-4b49-a101-89132fceb47a] INFO  o.eclipse.m2e.core.internal.Bundles - 	Entry: C:\Users\Pawee\Downloads\eclipse-jee-2024-06-R-win32-x86_64\eclipse\plugins\org.eclipse.m2e.maven.runtime_3.9.700.20240602-2313\jars\maven-resolver-transport-http-1.9.20.jar
2024-08-26 01:20:30,717 [Worker-30: Launching mavenrun-609732fd-3554-4b49-a101-89132fceb47a] INFO  o.eclipse.m2e.core.internal.Bundles - 	Entry: C:\Users\Pawee\Downloads\eclipse-jee-2024-06-R-win32-x86_64\eclipse\plugins\org.eclipse.m2e.maven.runtime_3.9.700.20240602-2313\jars\maven-resolver-transport-wagon-1.9.20.jar
2024-08-26 01:20:30,717 [Worker-30: Launching mavenrun-609732fd-3554-4b49-a101-89132fceb47a] INFO  o.eclipse.m2e.core.internal.Bundles - 	Entry: C:\Users\Pawee\Downloads\eclipse-jee-2024-06-R-win32-x86_64\eclipse\plugins\org.eclipse.m2e.maven.runtime_3.9.700.20240602-2313\jars\maven-resolver-util-1.9.20.jar
2024-08-26 01:20:30,717 [Worker-30: Launching mavenrun-609732fd-3554-4b49-a101-89132fceb47a] INFO  o.eclipse.m2e.core.internal.Bundles - 	Entry: C:\Users\Pawee\Downloads\eclipse-jee-2024-06-R-win32-x86_64\eclipse\plugins\org.eclipse.m2e.maven.runtime_3.9.700.20240602-2313\jars\maven-settings-3.9.7.jar
2024-08-26 01:20:30,717 [Worker-30: Launching mavenrun-609732fd-3554-4b49-a101-89132fceb47a] INFO  o.eclipse.m2e.core.internal.Bundles - 	Entry: C:\Users\Pawee\Downloads\eclipse-jee-2024-06-R-win32-x86_64\eclipse\plugins\org.eclipse.m2e.maven.runtime_3.9.700.20240602-2313\jars\maven-settings-builder-3.9.7.jar
2024-08-26 01:20:30,717 [Worker-30: Launching mavenrun-609732fd-3554-4b49-a101-89132fceb47a] INFO  o.eclipse.m2e.core.internal.Bundles - 	Entry: C:\Users\Pawee\Downloads\eclipse-jee-2024-06-R-win32-x86_64\eclipse\plugins\org.eclipse.m2e.maven.runtime_3.9.700.20240602-2313\jars\maven-shared-utils-3.4.2.jar
2024-08-26 01:20:30,717 [Worker-30: Launching mavenrun-609732fd-3554-4b49-a101-89132fceb47a] INFO  o.eclipse.m2e.core.internal.Bundles - 	Entry: C:\Users\Pawee\Downloads\eclipse-jee-2024-06-R-win32-x86_64\eclipse\plugins\org.eclipse.m2e.maven.runtime_3.9.700.20240602-2313\jars\org.eclipse.sisu.inject-0.9.0.M2.jar
2024-08-26 01:20:30,717 [Worker-30: Launching mavenrun-609732fd-3554-4b49-a101-89132fceb47a] INFO  o.eclipse.m2e.core.internal.Bundles - 	Entry: C:\Users\Pawee\Downloads\eclipse-jee-2024-06-R-win32-x86_64\eclipse\plugins\org.eclipse.m2e.maven.runtime_3.9.700.20240602-2313\jars\org.eclipse.sisu.plexus-0.9.0.M2.jar
2024-08-26 01:20:30,717 [Worker-30: Launching mavenrun-609732fd-3554-4b49-a101-89132fceb47a] INFO  o.eclipse.m2e.core.internal.Bundles - 	Entry: C:\Users\Pawee\Downloads\eclipse-jee-2024-06-R-win32-x86_64\eclipse\plugins\org.eclipse.m2e.maven.runtime_3.9.700.20240602-2313\jars\plexus-build-api-0.0.7.jar
2024-08-26 01:20:30,717 [Worker-30: Launching mavenrun-609732fd-3554-4b49-a101-89132fceb47a] INFO  o.eclipse.m2e.core.internal.Bundles - 	Entry: C:\Users\Pawee\Downloads\eclipse-jee-2024-06-R-win32-x86_64\eclipse\plugins\org.eclipse.m2e.maven.runtime_3.9.700.20240602-2313\jars\plexus-build-api-1.2.0.jar
2024-08-26 01:20:30,717 [Worker-30: Launching mavenrun-609732fd-3554-4b49-a101-89132fceb47a] INFO  o.eclipse.m2e.core.internal.Bundles - 	Entry: C:\Users\Pawee\Downloads\eclipse-jee-2024-06-R-win32-x86_64\eclipse\plugins\org.eclipse.m2e.maven.runtime_3.9.700.20240602-2313\jars\plexus-cipher-2.0.jar
2024-08-26 01:20:30,717 [Worker-30: Launching mavenrun-609732fd-3554-4b49-a101-89132fceb47a] INFO  o.eclipse.m2e.core.internal.Bundles - 	Entry: C:\Users\Pawee\Downloads\eclipse-jee-2024-06-R-win32-x86_64\eclipse\plugins\org.eclipse.m2e.maven.runtime_3.9.700.20240602-2313\jars\plexus-classworlds-2.8.0.jar
2024-08-26 01:20:30,717 [Worker-30: Launching mavenrun-609732fd-3554-4b49-a101-89132fceb47a] INFO  o.eclipse.m2e.core.internal.Bundles - 	Entry: C:\Users\Pawee\Downloads\eclipse-jee-2024-06-R-win32-x86_64\eclipse\plugins\org.eclipse.m2e.maven.runtime_3.9.700.20240602-2313\jars\plexus-component-annotations-2.1.0.jar
2024-08-26 01:20:30,717 [Worker-30: Launching mavenrun-609732fd-3554-4b49-a101-89132fceb47a] INFO  o.eclipse.m2e.core.internal.Bundles - 	Entry: C:\Users\Pawee\Downloads\eclipse-jee-2024-06-R-win32-x86_64\eclipse\plugins\org.eclipse.m2e.maven.runtime_3.9.700.20240602-2313\jars\plexus-interpolation-1.27.jar
2024-08-26 01:20:30,717 [Worker-30: Launching mavenrun-609732fd-3554-4b49-a101-89132fceb47a] INFO  o.eclipse.m2e.core.internal.Bundles - 	Entry: C:\Users\Pawee\Downloads\eclipse-jee-2024-06-R-win32-x86_64\eclipse\plugins\org.eclipse.m2e.maven.runtime_3.9.700.20240602-2313\jars\plexus-sec-dispatcher-2.0.jar
2024-08-26 01:20:30,717 [Worker-30: Launching mavenrun-609732fd-3554-4b49-a101-89132fceb47a] INFO  o.eclipse.m2e.core.internal.Bundles - 	Entry: C:\Users\Pawee\Downloads\eclipse-jee-2024-06-R-win32-x86_64\eclipse\plugins\org.eclipse.m2e.maven.runtime_3.9.700.20240602-2313\jars\plexus-utils-3.5.1.jar
2024-08-26 01:20:30,717 [Worker-30: Launching mavenrun-609732fd-3554-4b49-a101-89132fceb47a] INFO  o.eclipse.m2e.core.internal.Bundles - 	Entry: C:\Users\Pawee\Downloads\eclipse-jee-2024-06-R-win32-x86_64\eclipse\plugins\org.eclipse.m2e.maven.runtime_3.9.700.20240602-2313\jars\wagon-file-3.5.3.jar
2024-08-26 01:20:30,717 [Worker-30: Launching mavenrun-609732fd-3554-4b49-a101-89132fceb47a] INFO  o.eclipse.m2e.core.internal.Bundles - 	Entry: C:\Users\Pawee\Downloads\eclipse-jee-2024-06-R-win32-x86_64\eclipse\plugins\org.eclipse.m2e.maven.runtime_3.9.700.20240602-2313\jars\wagon-http-3.5.3.jar
2024-08-26 01:20:30,717 [Worker-30: Launching mavenrun-609732fd-3554-4b49-a101-89132fceb47a] INFO  o.eclipse.m2e.core.internal.Bundles - 	Entry: C:\Users\Pawee\Downloads\eclipse-jee-2024-06-R-win32-x86_64\eclipse\plugins\org.eclipse.m2e.maven.runtime_3.9.700.20240602-2313\jars\wagon-http-shared-3.5.3.jar
2024-08-26 01:20:30,717 [Worker-30: Launching mavenrun-609732fd-3554-4b49-a101-89132fceb47a] INFO  o.eclipse.m2e.core.internal.Bundles - 	Entry: C:\Users\Pawee\Downloads\eclipse-jee-2024-06-R-win32-x86_64\eclipse\plugins\org.eclipse.m2e.maven.runtime_3.9.700.20240602-2313\jars\wagon-provider-api-3.5.3.jar
2024-08-26 01:20:30,717 [Worker-30: Launching mavenrun-609732fd-3554-4b49-a101-89132fceb47a] INFO  o.eclipse.m2e.core.internal.Bundles - getClasspathEntries(Bundle=com.google.guava_33.2.0.jre [16])
2024-08-26 01:20:30,724 [Worker-30: Launching mavenrun-609732fd-3554-4b49-a101-89132fceb47a] INFO  o.eclipse.m2e.core.internal.Bundles - 	Entry: C:\Users\Pawee\Downloads\eclipse-jee-2024-06-R-win32-x86_64\eclipse\plugins\com.google.guava_33.2.0.jre.jar
2024-08-26 01:20:30,724 [Worker-30: Launching mavenrun-609732fd-3554-4b49-a101-89132fceb47a] INFO  o.eclipse.m2e.core.internal.Bundles - getClasspathEntries(Bundle=slf4j.api_2.0.13 [1010])
2024-08-26 01:20:30,724 [Worker-30: Launching mavenrun-609732fd-3554-4b49-a101-89132fceb47a] INFO  o.eclipse.m2e.core.internal.Bundles - 	Entry: C:\Users\Pawee\Downloads\eclipse-jee-2024-06-R-win32-x86_64\eclipse\plugins\slf4j.api_2.0.13.jar
2024-08-26 01:20:30,724 [Worker-30: Launching mavenrun-609732fd-3554-4b49-a101-89132fceb47a] INFO  o.eclipse.m2e.core.internal.Bundles - getClasspathEntries(Bundle=jakarta.inject.jakarta.inject-api_1.0.5 [33])
2024-08-26 01:20:30,724 [Worker-30: Launching mavenrun-609732fd-3554-4b49-a101-89132fceb47a] INFO  o.eclipse.m2e.core.internal.Bundles - 	Entry: C:\Users\Pawee\Downloads\eclipse-jee-2024-06-R-win32-x86_64\eclipse\plugins\jakarta.inject.jakarta.inject-api_1.0.5.jar
2024-08-26 01:20:30,724 [Worker-30: Launching mavenrun-609732fd-3554-4b49-a101-89132fceb47a] INFO  o.eclipse.m2e.core.internal.Bundles - getClasspathEntries(Bundle=javax.annotation_1.3.5.v20200909-1856 [44])
2024-08-26 01:20:30,725 [Worker-30: Launching mavenrun-609732fd-3554-4b49-a101-89132fceb47a] INFO  o.eclipse.m2e.core.internal.Bundles - 	Entry: C:\Users\Pawee\Downloads\eclipse-jee-2024-06-R-win32-x86_64\eclipse\plugins\javax.annotation_1.3.5.v20200909-1856.jar
2024-08-26 01:20:30,725 [Worker-30: Launching mavenrun-609732fd-3554-4b49-a101-89132fceb47a] INFO  o.eclipse.m2e.core.internal.Bundles - getClasspathEntries(Bundle=org.apache.commons.cli_1.8.0 [78])
2024-08-26 01:20:30,725 [Worker-30: Launching mavenrun-609732fd-3554-4b49-a101-89132fceb47a] INFO  o.eclipse.m2e.core.internal.Bundles - 	Entry: C:\Users\Pawee\Downloads\eclipse-jee-2024-06-R-win32-x86_64\eclipse\plugins\org.apache.commons.cli_1.8.0.jar
2024-08-26 01:20:30,725 [Worker-30: Launching mavenrun-609732fd-3554-4b49-a101-89132fceb47a] INFO  o.eclipse.m2e.core.internal.Bundles - getClasspathEntries(Bundle=org.apache.commons.commons-codec_1.16.0 [81])
2024-08-26 01:20:30,726 [Worker-30: Launching mavenrun-609732fd-3554-4b49-a101-89132fceb47a] INFO  o.eclipse.m2e.core.internal.Bundles - 	Entry: C:\Users\Pawee\Downloads\eclipse-jee-2024-06-R-win32-x86_64\eclipse\plugins\org.apache.commons.commons-codec_1.16.0.jar
2024-08-26 01:20:30,726 [Worker-30: Launching mavenrun-609732fd-3554-4b49-a101-89132fceb47a] INFO  o.eclipse.m2e.core.internal.Bundles - getClasspathEntries(Bundle=org.apache.commons.lang3_3.14.0 [89])
2024-08-26 01:20:30,726 [Worker-30: Launching mavenrun-609732fd-3554-4b49-a101-89132fceb47a] INFO  o.eclipse.m2e.core.internal.Bundles - 	Entry: C:\Users\Pawee\Downloads\eclipse-jee-2024-06-R-win32-x86_64\eclipse\plugins\org.apache.commons.lang3_3.14.0.jar
2024-08-26 01:20:30,726 [Worker-30: Launching mavenrun-609732fd-3554-4b49-a101-89132fceb47a] INFO  o.eclipse.m2e.core.internal.Bundles - getClasspathEntries(Bundle=com.google.guava.failureaccess_1.0.2 [17])
2024-08-26 01:20:30,726 [Worker-30: Launching mavenrun-609732fd-3554-4b49-a101-89132fceb47a] INFO  o.eclipse.m2e.core.internal.Bundles - 	Entry: C:\Users\Pawee\Downloads\eclipse-jee-2024-06-R-win32-x86_64\eclipse\plugins\com.google.guava.failureaccess_1.0.2.jar
2024-08-26 01:20:30,738 [Worker-30: Launching mavenrun-609732fd-3554-4b49-a101-89132fceb47a] INFO  o.e.m.i.launch.MavenLaunchDelegate - Run build in "C:\Users\Pawee\AppData\Local\Temp\m2e-archetypeGenerator15844708129127297181":
2024-08-26 01:20:30,745 [Worker-30: Launching mavenrun-609732fd-3554-4b49-a101-89132fceb47a] INFO  o.e.m.i.launch.MavenLaunchDelegate -  mvn  -DarchetypeGroupId=org.apache.maven.archetypes -DarchetypeArtifactId=maven-archetype-quickstart -DarchetypeVersion=1.1 -DgroupId=com.template.maven -DartifactId=example -Dversion=0.0.1-SNAPSHOT -Dpackage=com.template.maven.example -DoutputDirectory=E:\year3_1\qa\SQAProjectWorkspace\SQA_Project\java\TemplateMethod -Dstyle.color=always -U archetype:generate
2024-08-26 01:20:58,593 [Worker-13: Creating maven-archetype-quickstart] INFO  o.e.m.c.i.p.ProjectConfigurationManager - Collecting project info '/pom.xml' E:\year3_1\qa\SQAProjectWorkspace\SQA_Project\java\TemplateMethod\example\pom.xml
2024-08-26 01:21:00,027 [Worker-13: Creating maven-archetype-quickstart] INFO  o.e.m.c.i.l.LifecycleMappingFactory - Using org.eclipse.m2e.jdt.JarLifecycleMapping lifecycle mapping for MavenProject: com.template.maven:example:0.0.1-SNAPSHOT @ E:\year3_1\qa\SQAProjectWorkspace\SQA_Project\java\TemplateMethod\example\pom.xml.
2024-08-26 01:21:01,160 [Worker-13: Creating maven-archetype-quickstart] INFO  o.e.m.j.i.AbstractJavaProjectConfigurator - Adding source folder /example/src/main/java
2024-08-26 01:21:01,161 [Worker-13: Creating maven-archetype-quickstart] INFO  o.e.m.j.i.AbstractJavaProjectConfigurator - Adding resource folder /example/src/main/resources
2024-08-26 01:21:01,168 [Worker-13: Creating maven-archetype-quickstart] INFO  o.e.m.j.i.AbstractJavaProjectConfigurator - Adding source folder /example/src/test/java
2024-08-26 01:21:01,168 [Worker-13: Creating maven-archetype-quickstart] INFO  o.e.m.j.i.AbstractJavaProjectConfigurator - Adding resource folder /example/src/test/resources
2024-08-26 01:21:01,278 [Worker-13: Creating maven-archetype-quickstart] INFO  o.e.m.c.i.p.ProjectConfigurationManager - Imported and configured 1 project(s) in 2 sec
2024-08-26 01:21:01,637 [Worker-34: Building] INFO  o.a.m.s.f.DefaultMavenResourcesFiltering - skip non existing resourceDirectory E:\year3_1\qa\SQAProjectWorkspace\SQA_Project\java\TemplateMethod\example\src\main\resources
2024-08-26 01:21:01,641 [Worker-34: Building] INFO  o.a.m.s.f.DefaultMavenResourcesFiltering - skip non existing resourceDirectory E:\year3_1\qa\SQAProjectWorkspace\SQA_Project\java\TemplateMethod\example\src\test\resources
2024-08-26 01:21:01,953 [Worker-30: Download sources and javadoc] INFO  o.e.m.c.i.e.AbstractTransferListenerAdapter - Downloading https://repo.maven.apache.org/maven2/junit/junit/3.8.1/junit-3.8.1-sources.jar
2024-08-26 01:21:02,000 [Worker-30: Download sources and javadoc] INFO  o.e.m.c.i.e.AbstractTransferListenerAdapter - Downloaded https://repo.maven.apache.org/maven2/junit/junit/3.8.1/junit-3.8.1-sources.jar
2024-08-26 01:21:02,003 [Worker-30: Download sources and javadoc] INFO  o.e.m.j.internal.DownloadSourcesJob - Downloaded sources for junit:junit:3.8.1
2024-08-26 01:22:51,581 [Worker-30: Building] INFO  o.a.m.s.f.DefaultMavenResourcesFiltering - skip non existing resourceDirectory E:\year3_1\qa\SQAProjectWorkspace\SQA_Project\java\TemplateMethod\example\src\main\resources
2024-08-26 01:22:51,583 [Worker-30: Building] INFO  o.a.m.s.f.DefaultMavenResourcesFiltering - skip non existing resourceDirectory E:\year3_1\qa\SQAProjectWorkspace\SQA_Project\java\TemplateMethod\example\src\test\resources
2024-08-26 01:22:58,914 [Worker-13: Building] INFO  o.a.m.s.f.DefaultMavenResourcesFiltering - skip non existing resourceDirectory E:\year3_1\qa\SQAProjectWorkspace\SQA_Project\java\TemplateMethod\example\src\main\resources
2024-08-26 01:22:58,916 [Worker-13: Building] INFO  o.a.m.s.f.DefaultMavenResourcesFiltering - skip non existing resourceDirectory E:\year3_1\qa\SQAProjectWorkspace\SQA_Project\java\TemplateMethod\example\src\test\resources
2024-08-26 01:23:41,213 [Worker-30: Building] INFO  o.a.m.s.f.DefaultMavenResourcesFiltering - skip non existing resourceDirectory E:\year3_1\qa\SQAProjectWorkspace\SQA_Project\java\TemplateMethod\example\src\main\resources
2024-08-26 01:23:41,218 [Worker-30: Building] INFO  o.a.m.s.f.DefaultMavenResourcesFiltering - skip non existing resourceDirectory E:\year3_1\qa\SQAProjectWorkspace\SQA_Project\java\TemplateMethod\example\src\test\resources
2024-08-26 01:24:14,385 [Worker-30: Building] INFO  o.a.m.s.f.DefaultMavenResourcesFiltering - skip non existing resourceDirectory E:\year3_1\qa\SQAProjectWorkspace\SQA_Project\java\TemplateMethod\example\src\main\resources
2024-08-26 01:24:14,388 [Worker-30: Building] INFO  o.a.m.s.f.DefaultMavenResourcesFiltering - skip non existing resourceDirectory E:\year3_1\qa\SQAProjectWorkspace\SQA_Project\java\TemplateMethod\example\src\test\resources
2024-08-26 01:25:08,131 [Worker-32: Building] INFO  o.a.m.s.f.DefaultMavenResourcesFiltering - skip non existing resourceDirectory E:\year3_1\qa\SQAProjectWorkspace\SQA_Project\java\TemplateMethod\example\src\main\resources
2024-08-26 01:25:08,134 [Worker-32: Building] INFO  o.a.m.s.f.DefaultMavenResourcesFiltering - skip non existing resourceDirectory E:\year3_1\qa\SQAProjectWorkspace\SQA_Project\java\TemplateMethod\example\src\test\resources
2024-08-26 01:25:58,698 [Worker-35: Building] INFO  o.a.m.s.f.DefaultMavenResourcesFiltering - skip non existing resourceDirectory E:\year3_1\qa\SQAProjectWorkspace\SQA_Project\java\TemplateMethod\example\src\main\resources
2024-08-26 01:25:58,699 [Worker-35: Building] INFO  o.a.m.s.f.DefaultMavenResourcesFiltering - skip non existing resourceDirectory E:\year3_1\qa\SQAProjectWorkspace\SQA_Project\java\TemplateMethod\example\src\test\resources
2024-08-26 01:26:15,760 [Worker-33: Building] INFO  o.a.m.s.f.DefaultMavenResourcesFiltering - skip non existing resourceDirectory E:\year3_1\qa\SQAProjectWorkspace\SQA_Project\java\TemplateMethod\example\src\main\resources
2024-08-26 01:26:15,762 [Worker-33: Building] INFO  o.a.m.s.f.DefaultMavenResourcesFiltering - skip non existing resourceDirectory E:\year3_1\qa\SQAProjectWorkspace\SQA_Project\java\TemplateMethod\example\src\test\resources
2024-08-26 01:26:26,124 [Worker-33: Building] INFO  o.a.m.s.f.DefaultMavenResourcesFiltering - skip non existing resourceDirectory E:\year3_1\qa\SQAProjectWorkspace\SQA_Project\java\TemplateMethod\example\src\main\resources
2024-08-26 01:26:26,127 [Worker-33: Building] INFO  o.a.m.s.f.DefaultMavenResourcesFiltering - skip non existing resourceDirectory E:\year3_1\qa\SQAProjectWorkspace\SQA_Project\java\TemplateMethod\example\src\test\resources
2024-08-26 01:26:38,063 [Worker-32: Building] INFO  o.a.m.s.f.DefaultMavenResourcesFiltering - skip non existing resourceDirectory E:\year3_1\qa\SQAProjectWorkspace\SQA_Project\java\TemplateMethod\example\src\main\resources
2024-08-26 01:26:38,065 [Worker-32: Building] INFO  o.a.m.s.f.DefaultMavenResourcesFiltering - skip non existing resourceDirectory E:\year3_1\qa\SQAProjectWorkspace\SQA_Project\java\TemplateMethod\example\src\test\resources
2024-08-26 01:27:09,094 [Worker-33: Building] INFO  o.e.m.c.i.e.AbstractTransferListenerAdapter - Downloading https://repo.maven.apache.org/maven2/org/apache/maven/plugins/maven-surefire-plugin/2.22.2/maven-surefire-plugin-2.22.2.jar
2024-08-26 01:27:09,235 [Worker-33: Building] INFO  o.e.m.c.i.e.AbstractTransferListenerAdapter - Downloaded https://repo.maven.apache.org/maven2/org/apache/maven/plugins/maven-surefire-plugin/2.22.2/maven-surefire-plugin-2.22.2.jar
2024-08-26 01:27:09,414 [Worker-33: Building] INFO  o.e.m.c.i.l.LifecycleMappingFactory - Using org.eclipse.m2e.jdt.JarLifecycleMapping lifecycle mapping for MavenProject: com.template.maven:example:0.0.1-SNAPSHOT @ E:\year3_1\qa\SQAProjectWorkspace\SQA_Project\java\TemplateMethod\example\pom.xml.
2024-08-26 01:27:09,433 [Worker-33: Building] INFO  o.e.m.c.i.e.AbstractTransferListenerAdapter - Downloading https://repo.maven.apache.org/maven2/org/junit/jupiter/junit-jupiter-api/5.8.2/junit-jupiter-api-5.8.2.pom
2024-08-26 01:27:09,454 [Worker-33: Building] INFO  o.e.m.c.i.e.AbstractTransferListenerAdapter - Downloaded https://repo.maven.apache.org/maven2/org/junit/jupiter/junit-jupiter-api/5.8.2/junit-jupiter-api-5.8.2.pom
2024-08-26 01:27:09,478 [Worker-33: Building] INFO  o.e.m.c.i.e.AbstractTransferListenerAdapter - Downloading https://repo.maven.apache.org/maven2/org/junit/platform/junit-platform-commons/1.8.2/junit-platform-commons-1.8.2.pom
2024-08-26 01:27:09,496 [Worker-33: Building] INFO  o.e.m.c.i.e.AbstractTransferListenerAdapter - Downloaded https://repo.maven.apache.org/maven2/org/junit/platform/junit-platform-commons/1.8.2/junit-platform-commons-1.8.2.pom
2024-08-26 01:27:09,520 [Worker-33: Building] INFO  o.e.m.c.i.e.AbstractTransferListenerAdapter - Downloading https://repo.maven.apache.org/maven2/org/junit/jupiter/junit-jupiter-engine/5.8.2/junit-jupiter-engine-5.8.2.pom
2024-08-26 01:27:09,536 [Worker-33: Building] INFO  o.e.m.c.i.e.AbstractTransferListenerAdapter - Downloaded https://repo.maven.apache.org/maven2/org/junit/jupiter/junit-jupiter-engine/5.8.2/junit-jupiter-engine-5.8.2.pom
2024-08-26 01:27:09,558 [Worker-33: Building] INFO  o.e.m.c.i.e.AbstractTransferListenerAdapter - Downloading https://repo.maven.apache.org/maven2/org/junit/platform/junit-platform-engine/1.8.2/junit-platform-engine-1.8.2.pom
2024-08-26 01:27:09,576 [Worker-33: Building] INFO  o.e.m.c.i.e.AbstractTransferListenerAdapter - Downloaded https://repo.maven.apache.org/maven2/org/junit/platform/junit-platform-engine/1.8.2/junit-platform-engine-1.8.2.pom
2024-08-26 01:27:09,600 [Worker-33: Building] INFO  o.e.m.c.i.e.AbstractTransferListenerAdapter - Downloading https://repo.maven.apache.org/maven2/org/junit/jupiter/junit-jupiter-api/5.8.2/junit-jupiter-api-5.8.2.jar
2024-08-26 01:27:09,644 [Worker-33: Building] INFO  o.e.m.c.i.e.AbstractTransferListenerAdapter - Downloaded https://repo.maven.apache.org/maven2/org/junit/jupiter/junit-jupiter-api/5.8.2/junit-jupiter-api-5.8.2.jar
2024-08-26 01:27:09,664 [BasicRepositoryConnector-repo.maven.apache.org-0-2] INFO  o.e.m.c.i.e.AbstractTransferListenerAdapter - Downloading https://repo.maven.apache.org/maven2/org/junit/platform/junit-platform-engine/1.8.2/junit-platform-engine-1.8.2.jar
2024-08-26 01:27:09,694 [BasicRepositoryConnector-repo.maven.apache.org-0-1] INFO  o.e.m.c.i.e.AbstractTransferListenerAdapter - Downloading https://repo.maven.apache.org/maven2/org/junit/jupiter/junit-jupiter-engine/5.8.2/junit-jupiter-engine-5.8.2.jar
2024-08-26 01:27:09,696 [BasicRepositoryConnector-repo.maven.apache.org-0-0] INFO  o.e.m.c.i.e.AbstractTransferListenerAdapter - Downloading https://repo.maven.apache.org/maven2/org/junit/platform/junit-platform-commons/1.8.2/junit-platform-commons-1.8.2.jar
2024-08-26 01:27:09,697 [BasicRepositoryConnector-repo.maven.apache.org-0-2] INFO  o.e.m.c.i.e.AbstractTransferListenerAdapter - Downloaded https://repo.maven.apache.org/maven2/org/junit/platform/junit-platform-engine/1.8.2/junit-platform-engine-1.8.2.jar
2024-08-26 01:27:09,742 [BasicRepositoryConnector-repo.maven.apache.org-0-0] INFO  o.e.m.c.i.e.AbstractTransferListenerAdapter - Downloaded https://repo.maven.apache.org/maven2/org/junit/platform/junit-platform-commons/1.8.2/junit-platform-commons-1.8.2.jar
2024-08-26 01:27:09,756 [BasicRepositoryConnector-repo.maven.apache.org-0-1] INFO  o.e.m.c.i.e.AbstractTransferListenerAdapter - Downloaded https://repo.maven.apache.org/maven2/org/junit/jupiter/junit-jupiter-engine/5.8.2/junit-jupiter-engine-5.8.2.jar
2024-08-26 01:27:09,883 [Worker-33: Building] INFO  o.a.m.s.f.DefaultMavenResourcesFiltering - skip non existing resourceDirectory E:\year3_1\qa\SQAProjectWorkspace\SQA_Project\java\TemplateMethod\example\src\main\resources
2024-08-26 01:27:09,886 [Worker-33: Building] INFO  o.a.m.s.f.DefaultMavenResourcesFiltering - skip non existing resourceDirectory E:\year3_1\qa\SQAProjectWorkspace\SQA_Project\java\TemplateMethod\example\src\test\resources
2024-08-26 01:27:09,906 [Worker-33: Building] INFO  o.e.m.c.i.e.AbstractTransferListenerAdapter - Downloading https://repo.maven.apache.org/maven2/org/apache/maven/plugins/maven-surefire-plugin/2.22.2/maven-surefire-plugin-2.22.2.pom
2024-08-26 01:27:09,926 [Worker-33: Building] INFO  o.e.m.c.i.e.AbstractTransferListenerAdapter - Downloaded https://repo.maven.apache.org/maven2/org/apache/maven/plugins/maven-surefire-plugin/2.22.2/maven-surefire-plugin-2.22.2.pom
2024-08-26 01:27:09,948 [Worker-33: Building] INFO  o.e.m.c.i.e.AbstractTransferListenerAdapter - Downloading https://repo.maven.apache.org/maven2/org/apache/maven/surefire/surefire/2.22.2/surefire-2.22.2.pom
2024-08-26 01:27:09,971 [Worker-33: Building] INFO  o.e.m.c.i.e.AbstractTransferListenerAdapter - Downloaded https://repo.maven.apache.org/maven2/org/apache/maven/surefire/surefire/2.22.2/surefire-2.22.2.pom
2024-08-26 01:27:10,856 [Worker-30: Download sources and javadoc] INFO  o.e.m.c.i.e.AbstractTransferListenerAdapter - Downloading https://repo.maven.apache.org/maven2/org/junit/jupiter/junit-jupiter-api/5.8.2/junit-jupiter-api-5.8.2-sources.jar
2024-08-26 01:27:10,924 [Worker-30: Download sources and javadoc] INFO  o.e.m.c.i.e.AbstractTransferListenerAdapter - Downloaded https://repo.maven.apache.org/maven2/org/junit/jupiter/junit-jupiter-api/5.8.2/junit-jupiter-api-5.8.2-sources.jar
2024-08-26 01:27:10,927 [Worker-30: Download sources and javadoc] INFO  o.e.m.j.internal.DownloadSourcesJob - Downloaded sources for org.junit.jupiter:junit-jupiter-api:5.8.2
2024-08-26 01:27:10,979 [Worker-30: Download sources and javadoc] INFO  o.e.m.c.i.e.AbstractTransferListenerAdapter - Downloading https://repo.maven.apache.org/maven2/org/opentest4j/opentest4j/1.2.0/opentest4j-1.2.0-sources.jar
2024-08-26 01:27:11,076 [Worker-30: Download sources and javadoc] INFO  o.e.m.c.i.e.AbstractTransferListenerAdapter - Downloaded https://repo.maven.apache.org/maven2/org/opentest4j/opentest4j/1.2.0/opentest4j-1.2.0-sources.jar
2024-08-26 01:27:11,079 [Worker-30: Download sources and javadoc] INFO  o.e.m.j.internal.DownloadSourcesJob - Downloaded sources for org.opentest4j:opentest4j:1.2.0
2024-08-26 01:27:11,133 [Worker-30: Download sources and javadoc] INFO  o.e.m.c.i.e.AbstractTransferListenerAdapter - Downloading https://repo.maven.apache.org/maven2/org/junit/platform/junit-platform-commons/1.8.2/junit-platform-commons-1.8.2-sources.jar
2024-08-26 01:27:11,175 [Worker-30: Download sources and javadoc] INFO  o.e.m.c.i.e.AbstractTransferListenerAdapter - Downloaded https://repo.maven.apache.org/maven2/org/junit/platform/junit-platform-commons/1.8.2/junit-platform-commons-1.8.2-sources.jar
2024-08-26 01:27:11,177 [Worker-30: Download sources and javadoc] INFO  o.e.m.j.internal.DownloadSourcesJob - Downloaded sources for org.junit.platform:junit-platform-commons:1.8.2
2024-08-26 01:27:11,230 [Worker-30: Download sources and javadoc] INFO  o.e.m.c.i.e.AbstractTransferListenerAdapter - Downloading https://repo.maven.apache.org/maven2/org/junit/jupiter/junit-jupiter-engine/5.8.2/junit-jupiter-engine-5.8.2-sources.jar
2024-08-26 01:27:11,245 [Worker-32: Building] INFO  o.a.m.s.f.DefaultMavenResourcesFiltering - skip non existing resourceDirectory E:\year3_1\qa\SQAProjectWorkspace\SQA_Project\java\TemplateMethod\example\src\main\resources
2024-08-26 01:27:11,249 [Worker-32: Building] INFO  o.a.m.s.f.DefaultMavenResourcesFiltering - skip non existing resourceDirectory E:\year3_1\qa\SQAProjectWorkspace\SQA_Project\java\TemplateMethod\example\src\test\resources
2024-08-26 01:27:11,288 [Worker-30: Download sources and javadoc] INFO  o.e.m.c.i.e.AbstractTransferListenerAdapter - Downloaded https://repo.maven.apache.org/maven2/org/junit/jupiter/junit-jupiter-engine/5.8.2/junit-jupiter-engine-5.8.2-sources.jar
2024-08-26 01:27:11,292 [Worker-30: Download sources and javadoc] INFO  o.e.m.j.internal.DownloadSourcesJob - Downloaded sources for org.junit.jupiter:junit-jupiter-engine:5.8.2
2024-08-26 01:27:11,360 [Worker-30: Download sources and javadoc] INFO  o.e.m.c.i.e.AbstractTransferListenerAdapter - Downloading https://repo.maven.apache.org/maven2/org/junit/platform/junit-platform-engine/1.8.2/junit-platform-engine-1.8.2-sources.jar
2024-08-26 01:27:11,422 [Worker-30: Download sources and javadoc] INFO  o.e.m.c.i.e.AbstractTransferListenerAdapter - Downloaded https://repo.maven.apache.org/maven2/org/junit/platform/junit-platform-engine/1.8.2/junit-platform-engine-1.8.2-sources.jar
2024-08-26 01:27:11,428 [Worker-30: Download sources and javadoc] INFO  o.e.m.j.internal.DownloadSourcesJob - Downloaded sources for org.junit.platform:junit-platform-engine:1.8.2
2024-08-26 01:28:15,401 [Worker-33: Building] INFO  o.e.m.c.i.l.LifecycleMappingFactory - Using org.eclipse.m2e.jdt.JarLifecycleMapping lifecycle mapping for MavenProject: com.template.maven:example:0.0.1-SNAPSHOT @ E:\year3_1\qa\SQAProjectWorkspace\SQA_Project\java\TemplateMethod\example\pom.xml.
2024-08-26 01:28:15,488 [Worker-33: Building] INFO  o.e.m.c.i.e.AbstractTransferListenerAdapter - Downloading https://repo.maven.apache.org/maven2/org/junit/jupiter/junit-jupiter/maven-metadata.xml
2024-08-26 01:28:15,507 [Worker-33: Building] INFO  o.e.m.c.i.e.AbstractTransferListenerAdapter - Downloaded https://repo.maven.apache.org/maven2/org/junit/jupiter/junit-jupiter/maven-metadata.xml
2024-08-26 01:28:15,539 [Worker-33: Building] INFO  o.e.m.c.i.e.AbstractTransferListenerAdapter - Downloading https://repo.maven.apache.org/maven2/org/junit/jupiter/junit-jupiter/5.11.0/junit-jupiter-5.11.0.pom
2024-08-26 01:28:15,558 [Worker-33: Building] INFO  o.e.m.c.i.e.AbstractTransferListenerAdapter - Downloaded https://repo.maven.apache.org/maven2/org/junit/jupiter/junit-jupiter/5.11.0/junit-jupiter-5.11.0.pom
2024-08-26 01:28:15,580 [Worker-33: Building] INFO  o.e.m.c.i.e.AbstractTransferListenerAdapter - Downloading https://repo.maven.apache.org/maven2/org/junit/junit-bom/5.11.0/junit-bom-5.11.0.pom
2024-08-26 01:28:15,599 [Worker-33: Building] INFO  o.e.m.c.i.e.AbstractTransferListenerAdapter - Downloaded https://repo.maven.apache.org/maven2/org/junit/junit-bom/5.11.0/junit-bom-5.11.0.pom
2024-08-26 01:28:15,619 [Worker-33: Building] INFO  o.e.m.c.i.e.AbstractTransferListenerAdapter - Downloading https://repo.maven.apache.org/maven2/org/junit/jupiter/junit-jupiter-api/5.11.0/junit-jupiter-api-5.11.0.pom
2024-08-26 01:28:15,640 [Worker-33: Building] INFO  o.e.m.c.i.e.AbstractTransferListenerAdapter - Downloaded https://repo.maven.apache.org/maven2/org/junit/jupiter/junit-jupiter-api/5.11.0/junit-jupiter-api-5.11.0.pom
2024-08-26 01:28:15,663 [Worker-33: Building] INFO  o.e.m.c.i.e.AbstractTransferListenerAdapter - Downloading https://repo.maven.apache.org/maven2/org/junit/platform/junit-platform-commons/1.11.0/junit-platform-commons-1.11.0.pom
2024-08-26 01:28:15,681 [Worker-33: Building] INFO  o.e.m.c.i.e.AbstractTransferListenerAdapter - Downloaded https://repo.maven.apache.org/maven2/org/junit/platform/junit-platform-commons/1.11.0/junit-platform-commons-1.11.0.pom
2024-08-26 01:28:15,704 [Worker-33: Building] INFO  o.e.m.c.i.e.AbstractTransferListenerAdapter - Downloading https://repo.maven.apache.org/maven2/org/junit/jupiter/junit-jupiter-params/5.11.0/junit-jupiter-params-5.11.0.pom
2024-08-26 01:28:15,721 [Worker-33: Building] INFO  o.e.m.c.i.e.AbstractTransferListenerAdapter - Downloaded https://repo.maven.apache.org/maven2/org/junit/jupiter/junit-jupiter-params/5.11.0/junit-jupiter-params-5.11.0.pom
2024-08-26 01:28:15,741 [Worker-33: Building] INFO  o.e.m.c.i.e.AbstractTransferListenerAdapter - Downloading https://repo.maven.apache.org/maven2/org/junit/jupiter/junit-jupiter-engine/5.11.0/junit-jupiter-engine-5.11.0.pom
2024-08-26 01:28:15,758 [Worker-33: Building] INFO  o.e.m.c.i.e.AbstractTransferListenerAdapter - Downloaded https://repo.maven.apache.org/maven2/org/junit/jupiter/junit-jupiter-engine/5.11.0/junit-jupiter-engine-5.11.0.pom
2024-08-26 01:28:15,779 [Worker-33: Building] INFO  o.e.m.c.i.e.AbstractTransferListenerAdapter - Downloading https://repo.maven.apache.org/maven2/org/junit/platform/junit-platform-engine/1.11.0/junit-platform-engine-1.11.0.pom
2024-08-26 01:28:15,796 [Worker-33: Building] INFO  o.e.m.c.i.e.AbstractTransferListenerAdapter - Downloaded https://repo.maven.apache.org/maven2/org/junit/platform/junit-platform-engine/1.11.0/junit-platform-engine-1.11.0.pom
2024-08-26 01:28:15,817 [Worker-33: Building] INFO  o.e.m.c.i.e.AbstractTransferListenerAdapter - Downloading https://repo.maven.apache.org/maven2/junit/junit/4.13.1/junit-4.13.1.pom
2024-08-26 01:28:15,839 [Worker-33: Building] INFO  o.e.m.c.i.e.AbstractTransferListenerAdapter - Downloaded https://repo.maven.apache.org/maven2/junit/junit/4.13.1/junit-4.13.1.pom
2024-08-26 01:28:15,866 [Worker-33: Building] INFO  o.e.m.c.i.e.AbstractTransferListenerAdapter - Downloading https://repo.maven.apache.org/maven2/org/hamcrest/hamcrest-core/1.3/hamcrest-core-1.3.pom
2024-08-26 01:28:15,883 [Worker-33: Building] INFO  o.e.m.c.i.e.AbstractTransferListenerAdapter - Downloaded https://repo.maven.apache.org/maven2/org/hamcrest/hamcrest-core/1.3/hamcrest-core-1.3.pom
2024-08-26 01:28:15,903 [Worker-33: Building] INFO  o.e.m.c.i.e.AbstractTransferListenerAdapter - Downloading https://repo.maven.apache.org/maven2/org/hamcrest/hamcrest-parent/1.3/hamcrest-parent-1.3.pom
2024-08-26 01:28:15,923 [Worker-33: Building] INFO  o.e.m.c.i.e.AbstractTransferListenerAdapter - Downloaded https://repo.maven.apache.org/maven2/org/hamcrest/hamcrest-parent/1.3/hamcrest-parent-1.3.pom
2024-08-26 01:28:15,946 [Worker-33: Building] INFO  o.e.m.c.i.e.AbstractTransferListenerAdapter - Downloading https://repo.maven.apache.org/maven2/org/junit/jupiter/junit-jupiter/5.11.0/junit-jupiter-5.11.0.jar
2024-08-26 01:28:15,984 [Worker-33: Building] INFO  o.e.m.c.i.e.AbstractTransferListenerAdapter - Downloaded https://repo.maven.apache.org/maven2/org/junit/jupiter/junit-jupiter/5.11.0/junit-jupiter-5.11.0.jar
2024-08-26 01:28:16,002 [BasicRepositoryConnector-repo.maven.apache.org-1-0] INFO  o.e.m.c.i.e.AbstractTransferListenerAdapter - Downloading https://repo.maven.apache.org/maven2/org/junit/jupiter/junit-jupiter-params/5.11.0/junit-jupiter-params-5.11.0.jar
2024-08-26 01:28:16,035 [BasicRepositoryConnector-repo.maven.apache.org-1-1] INFO  o.e.m.c.i.e.AbstractTransferListenerAdapter - Downloading https://repo.maven.apache.org/maven2/org/junit/jupiter/junit-jupiter-engine/5.11.0/junit-jupiter-engine-5.11.0.jar
2024-08-26 01:28:16,035 [BasicRepositoryConnector-repo.maven.apache.org-1-4] INFO  o.e.m.c.i.e.AbstractTransferListenerAdapter - Downloading https://repo.maven.apache.org/maven2/org/hamcrest/hamcrest-core/1.3/hamcrest-core-1.3.jar
2024-08-26 01:28:16,040 [BasicRepositoryConnector-repo.maven.apache.org-1-2] INFO  o.e.m.c.i.e.AbstractTransferListenerAdapter - Downloading https://repo.maven.apache.org/maven2/org/junit/platform/junit-platform-engine/1.11.0/junit-platform-engine-1.11.0.jar
2024-08-26 01:28:16,040 [BasicRepositoryConnector-repo.maven.apache.org-1-3] INFO  o.e.m.c.i.e.AbstractTransferListenerAdapter - Downloading https://repo.maven.apache.org/maven2/junit/junit/4.13.1/junit-4.13.1.jar
2024-08-26 01:28:16,081 [BasicRepositoryConnector-repo.maven.apache.org-1-0] INFO  o.e.m.c.i.e.AbstractTransferListenerAdapter - Downloaded https://repo.maven.apache.org/maven2/org/junit/jupiter/junit-jupiter-params/5.11.0/junit-jupiter-params-5.11.0.jar
2024-08-26 01:28:16,099 [BasicRepositoryConnector-repo.maven.apache.org-1-0] INFO  o.e.m.c.i.e.AbstractTransferListenerAdapter - Downloading https://repo.maven.apache.org/maven2/org/junit/jupiter/junit-jupiter-api/5.11.0/junit-jupiter-api-5.11.0.jar
2024-08-26 01:28:16,104 [BasicRepositoryConnector-repo.maven.apache.org-1-1] INFO  o.e.m.c.i.e.AbstractTransferListenerAdapter - Downloaded https://repo.maven.apache.org/maven2/org/junit/jupiter/junit-jupiter-engine/5.11.0/junit-jupiter-engine-5.11.0.jar
2024-08-26 01:28:16,112 [BasicRepositoryConnector-repo.maven.apache.org-1-2] INFO  o.e.m.c.i.e.AbstractTransferListenerAdapter - Downloaded https://repo.maven.apache.org/maven2/org/junit/platform/junit-platform-engine/1.11.0/junit-platform-engine-1.11.0.jar
2024-08-26 01:28:16,126 [BasicRepositoryConnector-repo.maven.apache.org-1-1] INFO  o.e.m.c.i.e.AbstractTransferListenerAdapter - Downloading https://repo.maven.apache.org/maven2/org/junit/platform/junit-platform-commons/1.11.0/junit-platform-commons-1.11.0.jar
2024-08-26 01:28:16,128 [BasicRepositoryConnector-repo.maven.apache.org-1-3] INFO  o.e.m.c.i.e.AbstractTransferListenerAdapter - Downloaded https://repo.maven.apache.org/maven2/junit/junit/4.13.1/junit-4.13.1.jar
2024-08-26 01:28:16,147 [BasicRepositoryConnector-repo.maven.apache.org-1-0] INFO  o.e.m.c.i.e.AbstractTransferListenerAdapter - Downloaded https://repo.maven.apache.org/maven2/org/junit/jupiter/junit-jupiter-api/5.11.0/junit-jupiter-api-5.11.0.jar
2024-08-26 01:28:16,162 [BasicRepositoryConnector-repo.maven.apache.org-1-1] INFO  o.e.m.c.i.e.AbstractTransferListenerAdapter - Downloaded https://repo.maven.apache.org/maven2/org/junit/platform/junit-platform-commons/1.11.0/junit-platform-commons-1.11.0.jar
2024-08-26 01:28:16,525 [BasicRepositoryConnector-repo.maven.apache.org-1-4] INFO  o.e.m.c.i.e.AbstractTransferListenerAdapter - Downloaded https://repo.maven.apache.org/maven2/org/hamcrest/hamcrest-core/1.3/hamcrest-core-1.3.jar
2024-08-26 01:28:16,769 [Worker-33: Building] INFO  o.a.m.s.f.DefaultMavenResourcesFiltering - skip non existing resourceDirectory E:\year3_1\qa\SQAProjectWorkspace\SQA_Project\java\TemplateMethod\example\src\main\resources
2024-08-26 01:28:16,772 [Worker-33: Building] INFO  o.a.m.s.f.DefaultMavenResourcesFiltering - skip non existing resourceDirectory E:\year3_1\qa\SQAProjectWorkspace\SQA_Project\java\TemplateMethod\example\src\test\resources
2024-08-26 01:28:17,609 [Worker-33: Download sources and javadoc] INFO  o.e.m.c.i.e.AbstractTransferListenerAdapter - Downloading https://repo.maven.apache.org/maven2/org/junit/jupiter/junit-jupiter/5.11.0/junit-jupiter-5.11.0-sources.jar
2024-08-26 01:28:17,640 [Worker-33: Download sources and javadoc] INFO  o.e.m.c.i.e.AbstractTransferListenerAdapter - Downloaded https://repo.maven.apache.org/maven2/org/junit/jupiter/junit-jupiter/5.11.0/junit-jupiter-5.11.0-sources.jar
2024-08-26 01:28:17,642 [Worker-33: Download sources and javadoc] INFO  o.e.m.j.internal.DownloadSourcesJob - Downloaded sources for org.junit.jupiter:junit-jupiter:5.11.0
2024-08-26 01:28:17,698 [Worker-33: Download sources and javadoc] INFO  o.e.m.c.i.e.AbstractTransferListenerAdapter - Downloading https://repo.maven.apache.org/maven2/org/junit/jupiter/junit-jupiter-params/5.11.0/junit-jupiter-params-5.11.0-sources.jar
2024-08-26 01:28:17,746 [Worker-33: Download sources and javadoc] INFO  o.e.m.c.i.e.AbstractTransferListenerAdapter - Downloaded https://repo.maven.apache.org/maven2/org/junit/jupiter/junit-jupiter-params/5.11.0/junit-jupiter-params-5.11.0-sources.jar
2024-08-26 01:28:17,748 [Worker-33: Download sources and javadoc] INFO  o.e.m.j.internal.DownloadSourcesJob - Downloaded sources for org.junit.jupiter:junit-jupiter-params:5.11.0
2024-08-26 01:28:17,803 [Worker-33: Download sources and javadoc] INFO  o.e.m.c.i.e.AbstractTransferListenerAdapter - Downloading https://repo.maven.apache.org/maven2/org/junit/jupiter/junit-jupiter-engine/5.11.0/junit-jupiter-engine-5.11.0-sources.jar
2024-08-26 01:28:17,851 [Worker-33: Download sources and javadoc] INFO  o.e.m.c.i.e.AbstractTransferListenerAdapter - Downloaded https://repo.maven.apache.org/maven2/org/junit/jupiter/junit-jupiter-engine/5.11.0/junit-jupiter-engine-5.11.0-sources.jar
2024-08-26 01:28:17,853 [Worker-33: Download sources and javadoc] INFO  o.e.m.j.internal.DownloadSourcesJob - Downloaded sources for org.junit.jupiter:junit-jupiter-engine:5.11.0
2024-08-26 01:28:17,906 [Worker-33: Download sources and javadoc] INFO  o.e.m.c.i.e.AbstractTransferListenerAdapter - Downloading https://repo.maven.apache.org/maven2/org/junit/platform/junit-platform-engine/1.11.0/junit-platform-engine-1.11.0-sources.jar
2024-08-26 01:28:17,959 [Worker-33: Download sources and javadoc] INFO  o.e.m.c.i.e.AbstractTransferListenerAdapter - Downloaded https://repo.maven.apache.org/maven2/org/junit/platform/junit-platform-engine/1.11.0/junit-platform-engine-1.11.0-sources.jar
2024-08-26 01:28:17,961 [Worker-33: Download sources and javadoc] INFO  o.e.m.j.internal.DownloadSourcesJob - Downloaded sources for org.junit.platform:junit-platform-engine:1.11.0
2024-08-26 01:28:18,008 [Worker-33: Download sources and javadoc] INFO  o.e.m.c.i.e.AbstractTransferListenerAdapter - Downloading https://repo.maven.apache.org/maven2/junit/junit/4.13.1/junit-4.13.1-sources.jar
2024-08-26 01:28:18,076 [Worker-36: Building] INFO  o.a.m.s.f.DefaultMavenResourcesFiltering - skip non existing resourceDirectory E:\year3_1\qa\SQAProjectWorkspace\SQA_Project\java\TemplateMethod\example\src\main\resources
2024-08-26 01:28:18,079 [Worker-36: Building] INFO  o.a.m.s.f.DefaultMavenResourcesFiltering - skip non existing resourceDirectory E:\year3_1\qa\SQAProjectWorkspace\SQA_Project\java\TemplateMethod\example\src\test\resources
2024-08-26 01:28:18,081 [Worker-33: Download sources and javadoc] INFO  o.e.m.c.i.e.AbstractTransferListenerAdapter - Downloaded https://repo.maven.apache.org/maven2/junit/junit/4.13.1/junit-4.13.1-sources.jar
2024-08-26 01:28:18,085 [Worker-33: Download sources and javadoc] INFO  o.e.m.j.internal.DownloadSourcesJob - Downloaded sources for junit:junit:4.13.1
2024-08-26 01:28:18,141 [Worker-33: Download sources and javadoc] INFO  o.e.m.c.i.e.AbstractTransferListenerAdapter - Downloading https://repo.maven.apache.org/maven2/org/hamcrest/hamcrest-core/1.3/hamcrest-core-1.3-sources.jar
2024-08-26 01:28:18,680 [Worker-33: Download sources and javadoc] INFO  o.e.m.c.i.e.AbstractTransferListenerAdapter - Downloaded https://repo.maven.apache.org/maven2/org/hamcrest/hamcrest-core/1.3/hamcrest-core-1.3-sources.jar
2024-08-26 01:28:18,683 [Worker-33: Download sources and javadoc] INFO  o.e.m.j.internal.DownloadSourcesJob - Downloaded sources for org.hamcrest:hamcrest-core:1.3
2024-08-26 01:28:18,734 [Worker-33: Download sources and javadoc] INFO  o.e.m.c.i.e.AbstractTransferListenerAdapter - Downloading https://repo.maven.apache.org/maven2/org/junit/jupiter/junit-jupiter-api/5.11.0/junit-jupiter-api-5.11.0-sources.jar
2024-08-26 01:28:18,792 [Worker-33: Download sources and javadoc] INFO  o.e.m.c.i.e.AbstractTransferListenerAdapter - Downloaded https://repo.maven.apache.org/maven2/org/junit/jupiter/junit-jupiter-api/5.11.0/junit-jupiter-api-5.11.0-sources.jar
2024-08-26 01:28:18,794 [Worker-33: Download sources and javadoc] INFO  o.e.m.j.internal.DownloadSourcesJob - Downloaded sources for org.junit.jupiter:junit-jupiter-api:5.11.0
2024-08-26 01:28:18,846 [Worker-33: Download sources and javadoc] INFO  o.e.m.c.i.e.AbstractTransferListenerAdapter - Downloading https://repo.maven.apache.org/maven2/org/junit/platform/junit-platform-commons/1.11.0/junit-platform-commons-1.11.0-sources.jar
2024-08-26 01:28:18,891 [Worker-33: Download sources and javadoc] INFO  o.e.m.c.i.e.AbstractTransferListenerAdapter - Downloaded https://repo.maven.apache.org/maven2/org/junit/platform/junit-platform-commons/1.11.0/junit-platform-commons-1.11.0-sources.jar
2024-08-26 01:28:18,894 [Worker-33: Download sources and javadoc] INFO  o.e.m.j.internal.DownloadSourcesJob - Downloaded sources for org.junit.platform:junit-platform-commons:1.11.0
2024-08-26 01:28:28,784 [Worker-13: Launching AppointmentTest] INFO  o.e.m.c.i.e.AbstractTransferListenerAdapter - Downloading https://repo.maven.apache.org/maven2/org/junit/platform/junit-platform-launcher/1.11.0/junit-platform-launcher-1.11.0.jar
2024-08-26 01:28:28,842 [Worker-13: Launching AppointmentTest] INFO  o.e.m.c.i.e.AbstractTransferListenerAdapter - Downloaded https://repo.maven.apache.org/maven2/org/junit/platform/junit-platform-launcher/1.11.0/junit-platform-launcher-1.11.0.jar
2024-08-26 01:29:38,399 [Worker-30: Building] INFO  o.a.m.s.f.DefaultMavenResourcesFiltering - skip non existing resourceDirectory E:\year3_1\qa\SQAProjectWorkspace\SQA_Project\java\TemplateMethod\example\src\main\resources
2024-08-26 01:29:38,401 [Worker-30: Building] INFO  o.a.m.s.f.DefaultMavenResourcesFiltering - skip non existing resourceDirectory E:\year3_1\qa\SQAProjectWorkspace\SQA_Project\java\TemplateMethod\example\src\test\resources
2024-08-26 01:31:42,826 [Worker-32: Building Workspace] INFO  o.a.m.s.f.DefaultMavenResourcesFiltering - skip non existing resourceDirectory E:\year3_1\qa\SQAProjectWorkspace\SQA_Project\java\TemplateMethod\example\src\main\resources
2024-08-26 01:31:42,828 [Worker-32: Building Workspace] INFO  o.a.m.s.f.DefaultMavenResourcesFiltering - skip non existing resourceDirectory E:\year3_1\qa\SQAProjectWorkspace\SQA_Project\java\TemplateMethod\example\src\test\resources
2024-08-26 01:32:06,182 [Worker-35: Building] INFO  o.a.m.s.f.DefaultMavenResourcesFiltering - skip non existing resourceDirectory E:\year3_1\qa\SQAProjectWorkspace\SQA_Project\java\TemplateMethod\example\src\main\resources
2024-08-26 01:32:06,183 [Worker-35: Building] INFO  o.a.m.s.f.DefaultMavenResourcesFiltering - skip non existing resourceDirectory E:\year3_1\qa\SQAProjectWorkspace\SQA_Project\java\TemplateMethod\example\src\test\resources
2024-08-26 01:32:17,176 [Worker-30: Building] INFO  o.a.m.s.f.DefaultMavenResourcesFiltering - skip non existing resourceDirectory E:\year3_1\qa\SQAProjectWorkspace\SQA_Project\java\TemplateMethod\example\src\main\resources
2024-08-26 01:32:17,177 [Worker-30: Building] INFO  o.a.m.s.f.DefaultMavenResourcesFiltering - skip non existing resourceDirectory E:\year3_1\qa\SQAProjectWorkspace\SQA_Project\java\TemplateMethod\example\src\test\resources
2024-08-26 01:33:30,958 [Worker-36: Building] INFO  o.a.m.s.f.DefaultMavenResourcesFiltering - skip non existing resourceDirectory E:\year3_1\qa\SQAProjectWorkspace\SQA_Project\java\TemplateMethod\example\src\main\resources
2024-08-26 01:33:30,959 [Worker-36: Building] INFO  o.a.m.s.f.DefaultMavenResourcesFiltering - skip non existing resourceDirectory E:\year3_1\qa\SQAProjectWorkspace\SQA_Project\java\TemplateMethod\example\src\test\resources
2024-08-26 01:35:58,950 [Worker-37: Building] INFO  o.a.m.s.f.DefaultMavenResourcesFiltering - skip non existing resourceDirectory E:\year3_1\qa\SQAProjectWorkspace\SQA_Project\java\TemplateMethod\example\src\main\resources
2024-08-26 01:35:58,951 [Worker-37: Building] INFO  o.a.m.s.f.DefaultMavenResourcesFiltering - skip non existing resourceDirectory E:\year3_1\qa\SQAProjectWorkspace\SQA_Project\java\TemplateMethod\example\src\test\resources
2024-08-26 01:36:20,826 [Worker-35: Building] INFO  o.a.m.s.f.DefaultMavenResourcesFiltering - skip non existing resourceDirectory E:\year3_1\qa\SQAProjectWorkspace\SQA_Project\java\TemplateMethod\example\src\main\resources
2024-08-26 01:36:20,828 [Worker-35: Building] INFO  o.a.m.s.f.DefaultMavenResourcesFiltering - skip non existing resourceDirectory E:\year3_1\qa\SQAProjectWorkspace\SQA_Project\java\TemplateMethod\example\src\test\resources
2024-08-26 01:37:57,983 [Worker-30: Building] INFO  o.a.m.s.f.DefaultMavenResourcesFiltering - skip non existing resourceDirectory E:\year3_1\qa\SQAProjectWorkspace\SQA_Project\java\TemplateMethod\example\src\main\resources
2024-08-26 01:37:57,984 [Worker-30: Building] INFO  o.a.m.s.f.DefaultMavenResourcesFiltering - skip non existing resourceDirectory E:\year3_1\qa\SQAProjectWorkspace\SQA_Project\java\TemplateMethod\example\src\test\resources
2024-08-26 01:38:49,109 [Worker-38: Building] INFO  o.a.m.s.f.DefaultMavenResourcesFiltering - skip non existing resourceDirectory E:\year3_1\qa\SQAProjectWorkspace\SQA_Project\java\TemplateMethod\example\src\main\resources
2024-08-26 01:38:49,111 [Worker-38: Building] INFO  o.a.m.s.f.DefaultMavenResourcesFiltering - skip non existing resourceDirectory E:\year3_1\qa\SQAProjectWorkspace\SQA_Project\java\TemplateMethod\example\src\test\resources
2024-08-26 01:40:35,571 [Worker-38: Building] INFO  o.a.m.s.f.DefaultMavenResourcesFiltering - skip non existing resourceDirectory E:\year3_1\qa\SQAProjectWorkspace\SQA_Project\java\TemplateMethod\example\src\main\resources
2024-08-26 01:40:35,573 [Worker-38: Building] INFO  o.a.m.s.f.DefaultMavenResourcesFiltering - skip non existing resourceDirectory E:\year3_1\qa\SQAProjectWorkspace\SQA_Project\java\TemplateMethod\example\src\test\resources
2024-08-26 01:41:17,915 [Worker-40: Building] INFO  o.a.m.s.f.DefaultMavenResourcesFiltering - skip non existing resourceDirectory E:\year3_1\qa\SQAProjectWorkspace\SQA_Project\java\TemplateMethod\example\src\main\resources
2024-08-26 01:41:17,916 [Worker-40: Building] INFO  o.a.m.s.f.DefaultMavenResourcesFiltering - skip non existing resourceDirectory E:\year3_1\qa\SQAProjectWorkspace\SQA_Project\java\TemplateMethod\example\src\test\resources
2024-08-26 01:41:29,954 [Worker-38: Building] INFO  o.a.m.s.f.DefaultMavenResourcesFiltering - skip non existing resourceDirectory E:\year3_1\qa\SQAProjectWorkspace\SQA_Project\java\TemplateMethod\example\src\main\resources
2024-08-26 01:41:29,955 [Worker-38: Building] INFO  o.a.m.s.f.DefaultMavenResourcesFiltering - skip non existing resourceDirectory E:\year3_1\qa\SQAProjectWorkspace\SQA_Project\java\TemplateMethod\example\src\test\resources
2024-08-26 01:43:33,266 [Worker-33: Building] INFO  o.a.m.s.f.DefaultMavenResourcesFiltering - skip non existing resourceDirectory E:\year3_1\qa\SQAProjectWorkspace\SQA_Project\java\TemplateMethod\example\src\main\resources
2024-08-26 01:43:33,267 [Worker-33: Building] INFO  o.a.m.s.f.DefaultMavenResourcesFiltering - skip non existing resourceDirectory E:\year3_1\qa\SQAProjectWorkspace\SQA_Project\java\TemplateMethod\example\src\test\resources
2024-08-26 01:43:35,259 [Worker-33: Building] INFO  o.a.m.s.f.DefaultMavenResourcesFiltering - skip non existing resourceDirectory E:\year3_1\qa\SQAProjectWorkspace\SQA_Project\java\TemplateMethod\example\src\main\resources
2024-08-26 01:43:35,260 [Worker-33: Building] INFO  o.a.m.s.f.DefaultMavenResourcesFiltering - skip non existing resourceDirectory E:\year3_1\qa\SQAProjectWorkspace\SQA_Project\java\TemplateMethod\example\src\test\resources
2024-08-26 01:43:36,837 [Worker-33: Building] INFO  o.a.m.s.f.DefaultMavenResourcesFiltering - skip non existing resourceDirectory E:\year3_1\qa\SQAProjectWorkspace\SQA_Project\java\TemplateMethod\example\src\main\resources
2024-08-26 01:43:36,838 [Worker-33: Building] INFO  o.a.m.s.f.DefaultMavenResourcesFiltering - skip non existing resourceDirectory E:\year3_1\qa\SQAProjectWorkspace\SQA_Project\java\TemplateMethod\example\src\test\resources
2024-08-26 01:45:05,867 [Worker-33: Building] INFO  o.a.m.s.f.DefaultMavenResourcesFiltering - skip non existing resourceDirectory E:\year3_1\qa\SQAProjectWorkspace\SQA_Project\java\TemplateMethod\example\src\main\resources
2024-08-26 01:45:05,868 [Worker-33: Building] INFO  o.a.m.s.f.DefaultMavenResourcesFiltering - skip non existing resourceDirectory E:\year3_1\qa\SQAProjectWorkspace\SQA_Project\java\TemplateMethod\example\src\test\resources
2024-08-26 01:45:15,024 [Worker-35: Building] INFO  o.a.m.s.f.DefaultMavenResourcesFiltering - skip non existing resourceDirectory E:\year3_1\qa\SQAProjectWorkspace\SQA_Project\java\TemplateMethod\example\src\main\resources
2024-08-26 01:45:15,025 [Worker-35: Building] INFO  o.a.m.s.f.DefaultMavenResourcesFiltering - skip non existing resourceDirectory E:\year3_1\qa\SQAProjectWorkspace\SQA_Project\java\TemplateMethod\example\src\test\resources
2024-08-26 01:47:47,144 [Worker-33: Building] INFO  o.a.m.s.f.DefaultMavenResourcesFiltering - skip non existing resourceDirectory E:\year3_1\qa\SQAProjectWorkspace\SQA_Project\java\TemplateMethod\example\src\main\resources
2024-08-26 01:47:47,146 [Worker-33: Building] INFO  o.a.m.s.f.DefaultMavenResourcesFiltering - skip non existing resourceDirectory E:\year3_1\qa\SQAProjectWorkspace\SQA_Project\java\TemplateMethod\example\src\test\resources
2024-08-26 01:49:03,250 [Worker-38: Building] INFO  o.a.m.s.f.DefaultMavenResourcesFiltering - skip non existing resourceDirectory E:\year3_1\qa\SQAProjectWorkspace\SQA_Project\java\TemplateMethod\example\src\main\resources
2024-08-26 01:49:03,253 [Worker-38: Building] INFO  o.a.m.s.f.DefaultMavenResourcesFiltering - skip non existing resourceDirectory E:\year3_1\qa\SQAProjectWorkspace\SQA_Project\java\TemplateMethod\example\src\test\resources
2024-08-26 01:49:13,563 [Worker-42: Building] INFO  o.a.m.s.f.DefaultMavenResourcesFiltering - skip non existing resourceDirectory E:\year3_1\qa\SQAProjectWorkspace\SQA_Project\java\TemplateMethod\example\src\main\resources
2024-08-26 01:49:13,565 [Worker-42: Building] INFO  o.a.m.s.f.DefaultMavenResourcesFiltering - skip non existing resourceDirectory E:\year3_1\qa\SQAProjectWorkspace\SQA_Project\java\TemplateMethod\example\src\test\resources
2024-08-26 01:51:01,975 [Worker-41: Building] INFO  o.a.m.s.f.DefaultMavenResourcesFiltering - skip non existing resourceDirectory E:\year3_1\qa\SQAProjectWorkspace\SQA_Project\java\TemplateMethod\example\src\main\resources
2024-08-26 01:51:01,976 [Worker-41: Building] INFO  o.a.m.s.f.DefaultMavenResourcesFiltering - skip non existing resourceDirectory E:\year3_1\qa\SQAProjectWorkspace\SQA_Project\java\TemplateMethod\example\src\test\resources
2024-08-26 01:52:03,369 [Worker-35: Building] INFO  o.a.m.s.f.DefaultMavenResourcesFiltering - skip non existing resourceDirectory E:\year3_1\qa\SQAProjectWorkspace\SQA_Project\java\TemplateMethod\example\src\main\resources
2024-08-26 01:52:03,370 [Worker-35: Building] INFO  o.a.m.s.f.DefaultMavenResourcesFiltering - skip non existing resourceDirectory E:\year3_1\qa\SQAProjectWorkspace\SQA_Project\java\TemplateMethod\example\src\test\resources
2024-08-26 01:52:10,219 [Worker-33: Building] INFO  o.a.m.s.f.DefaultMavenResourcesFiltering - skip non existing resourceDirectory E:\year3_1\qa\SQAProjectWorkspace\SQA_Project\java\TemplateMethod\example\src\main\resources
2024-08-26 01:52:10,221 [Worker-33: Building] INFO  o.a.m.s.f.DefaultMavenResourcesFiltering - skip non existing resourceDirectory E:\year3_1\qa\SQAProjectWorkspace\SQA_Project\java\TemplateMethod\example\src\test\resources
2024-08-26 01:54:02,470 [Worker-44: Building] INFO  o.a.m.s.f.DefaultMavenResourcesFiltering - skip non existing resourceDirectory E:\year3_1\qa\SQAProjectWorkspace\SQA_Project\java\TemplateMethod\example\src\main\resources
2024-08-26 01:54:02,471 [Worker-44: Building] INFO  o.a.m.s.f.DefaultMavenResourcesFiltering - skip non existing resourceDirectory E:\year3_1\qa\SQAProjectWorkspace\SQA_Project\java\TemplateMethod\example\src\test\resources
2024-08-26 01:54:16,449 [Worker-43: Building] INFO  o.a.m.s.f.DefaultMavenResourcesFiltering - skip non existing resourceDirectory E:\year3_1\qa\SQAProjectWorkspace\SQA_Project\java\TemplateMethod\example\src\main\resources
2024-08-26 01:54:16,450 [Worker-43: Building] INFO  o.a.m.s.f.DefaultMavenResourcesFiltering - skip non existing resourceDirectory E:\year3_1\qa\SQAProjectWorkspace\SQA_Project\java\TemplateMethod\example\src\test\resources
2024-08-26 01:55:09,471 [Worker-42: Building] INFO  o.a.m.s.f.DefaultMavenResourcesFiltering - skip non existing resourceDirectory E:\year3_1\qa\SQAProjectWorkspace\SQA_Project\java\TemplateMethod\example\src\main\resources
2024-08-26 01:55:09,473 [Worker-42: Building] INFO  o.a.m.s.f.DefaultMavenResourcesFiltering - skip non existing resourceDirectory E:\year3_1\qa\SQAProjectWorkspace\SQA_Project\java\TemplateMethod\example\src\test\resources
2024-08-26 01:55:25,703 [Worker-41: Building] INFO  o.a.m.s.f.DefaultMavenResourcesFiltering - skip non existing resourceDirectory E:\year3_1\qa\SQAProjectWorkspace\SQA_Project\java\TemplateMethod\example\src\main\resources
2024-08-26 01:55:25,705 [Worker-41: Building] INFO  o.a.m.s.f.DefaultMavenResourcesFiltering - skip non existing resourceDirectory E:\year3_1\qa\SQAProjectWorkspace\SQA_Project\java\TemplateMethod\example\src\test\resources
2024-08-26 01:55:31,638 [Worker-43: Building] INFO  o.a.m.s.f.DefaultMavenResourcesFiltering - skip non existing resourceDirectory E:\year3_1\qa\SQAProjectWorkspace\SQA_Project\java\TemplateMethod\example\src\main\resources
2024-08-26 01:55:31,639 [Worker-43: Building] INFO  o.a.m.s.f.DefaultMavenResourcesFiltering - skip non existing resourceDirectory E:\year3_1\qa\SQAProjectWorkspace\SQA_Project\java\TemplateMethod\example\src\test\resources
2024-08-26 01:56:09,618 [Worker-41: Building] INFO  o.a.m.s.f.DefaultMavenResourcesFiltering - skip non existing resourceDirectory E:\year3_1\qa\SQAProjectWorkspace\SQA_Project\java\TemplateMethod\example\src\main\resources
2024-08-26 01:56:09,619 [Worker-41: Building] INFO  o.a.m.s.f.DefaultMavenResourcesFiltering - skip non existing resourceDirectory E:\year3_1\qa\SQAProjectWorkspace\SQA_Project\java\TemplateMethod\example\src\test\resources
2024-08-26 01:57:57,778 [Worker-35: Building] INFO  o.a.m.s.f.DefaultMavenResourcesFiltering - skip non existing resourceDirectory E:\year3_1\qa\SQAProjectWorkspace\SQA_Project\java\TemplateMethod\example\src\main\resources
2024-08-26 01:57:57,780 [Worker-35: Building] INFO  o.a.m.s.f.DefaultMavenResourcesFiltering - skip non existing resourceDirectory E:\year3_1\qa\SQAProjectWorkspace\SQA_Project\java\TemplateMethod\example\src\test\resources
2024-08-26 01:58:20,761 [Worker-35: Building Workspace] INFO  o.a.m.s.f.DefaultMavenResourcesFiltering - skip non existing resourceDirectory E:\year3_1\qa\SQAProjectWorkspace\SQA_Project\java\TemplateMethod\example\src\main\resources
2024-08-26 01:58:20,762 [Worker-35: Building Workspace] INFO  o.a.m.s.f.DefaultMavenResourcesFiltering - skip non existing resourceDirectory E:\year3_1\qa\SQAProjectWorkspace\SQA_Project\java\TemplateMethod\example\src\test\resources
2024-08-26 01:58:35,560 [Worker-33: Building] INFO  o.a.m.s.f.DefaultMavenResourcesFiltering - skip non existing resourceDirectory E:\year3_1\qa\SQAProjectWorkspace\SQA_Project\java\TemplateMethod\example\src\main\resources
2024-08-26 01:58:35,561 [Worker-33: Building] INFO  o.a.m.s.f.DefaultMavenResourcesFiltering - skip non existing resourceDirectory E:\year3_1\qa\SQAProjectWorkspace\SQA_Project\java\TemplateMethod\example\src\test\resources
2024-08-26 01:58:43,757 [Worker-35: Building] INFO  o.a.m.s.f.DefaultMavenResourcesFiltering - skip non existing resourceDirectory E:\year3_1\qa\SQAProjectWorkspace\SQA_Project\java\TemplateMethod\example\src\main\resources
2024-08-26 01:58:43,758 [Worker-35: Building] INFO  o.a.m.s.f.DefaultMavenResourcesFiltering - skip non existing resourceDirectory E:\year3_1\qa\SQAProjectWorkspace\SQA_Project\java\TemplateMethod\example\src\test\resources
2024-08-26 01:58:45,920 [Worker-35: Building] INFO  o.a.m.s.f.DefaultMavenResourcesFiltering - skip non existing resourceDirectory E:\year3_1\qa\SQAProjectWorkspace\SQA_Project\java\TemplateMethod\example\src\main\resources
2024-08-26 01:58:45,921 [Worker-35: Building] INFO  o.a.m.s.f.DefaultMavenResourcesFiltering - skip non existing resourceDirectory E:\year3_1\qa\SQAProjectWorkspace\SQA_Project\java\TemplateMethod\example\src\test\resources
2024-08-26 02:00:39,338 [Worker-43: Building] INFO  o.a.m.s.f.DefaultMavenResourcesFiltering - skip non existing resourceDirectory E:\year3_1\qa\SQAProjectWorkspace\SQA_Project\java\TemplateMethod\example\src\main\resources
2024-08-26 02:00:39,339 [Worker-43: Building] INFO  o.a.m.s.f.DefaultMavenResourcesFiltering - skip non existing resourceDirectory E:\year3_1\qa\SQAProjectWorkspace\SQA_Project\java\TemplateMethod\example\src\test\resources
2024-08-26 02:00:53,378 [Worker-43: Building] INFO  o.a.m.s.f.DefaultMavenResourcesFiltering - skip non existing resourceDirectory E:\year3_1\qa\SQAProjectWorkspace\SQA_Project\java\TemplateMethod\example\src\main\resources
2024-08-26 02:00:53,379 [Worker-43: Building] INFO  o.a.m.s.f.DefaultMavenResourcesFiltering - skip non existing resourceDirectory E:\year3_1\qa\SQAProjectWorkspace\SQA_Project\java\TemplateMethod\example\src\test\resources
2024-08-26 02:01:56,579 [Worker-33: Building] INFO  o.a.m.s.f.DefaultMavenResourcesFiltering - skip non existing resourceDirectory E:\year3_1\qa\SQAProjectWorkspace\SQA_Project\java\TemplateMethod\example\src\main\resources
2024-08-26 02:01:56,581 [Worker-33: Building] INFO  o.a.m.s.f.DefaultMavenResourcesFiltering - skip non existing resourceDirectory E:\year3_1\qa\SQAProjectWorkspace\SQA_Project\java\TemplateMethod\example\src\test\resources
2024-08-26 02:02:10,192 [Worker-43: Building] INFO  o.a.m.s.f.DefaultMavenResourcesFiltering - skip non existing resourceDirectory E:\year3_1\qa\SQAProjectWorkspace\SQA_Project\java\TemplateMethod\example\src\main\resources
2024-08-26 02:02:10,193 [Worker-43: Building] INFO  o.a.m.s.f.DefaultMavenResourcesFiltering - skip non existing resourceDirectory E:\year3_1\qa\SQAProjectWorkspace\SQA_Project\java\TemplateMethod\example\src\test\resources
2024-08-26 02:03:12,839 [Worker-41: Building] INFO  o.a.m.s.f.DefaultMavenResourcesFiltering - skip non existing resourceDirectory E:\year3_1\qa\SQAProjectWorkspace\SQA_Project\java\TemplateMethod\example\src\main\resources
2024-08-26 02:03:12,840 [Worker-41: Building] INFO  o.a.m.s.f.DefaultMavenResourcesFiltering - skip non existing resourceDirectory E:\year3_1\qa\SQAProjectWorkspace\SQA_Project\java\TemplateMethod\example\src\test\resources
2024-08-26 02:03:30,471 [Worker-42: Building] INFO  o.a.m.s.f.DefaultMavenResourcesFiltering - skip non existing resourceDirectory E:\year3_1\qa\SQAProjectWorkspace\SQA_Project\java\TemplateMethod\example\src\main\resources
2024-08-26 02:03:30,473 [Worker-42: Building] INFO  o.a.m.s.f.DefaultMavenResourcesFiltering - skip non existing resourceDirectory E:\year3_1\qa\SQAProjectWorkspace\SQA_Project\java\TemplateMethod\example\src\test\resources
2024-08-26 02:04:20,390 [Worker-44: Building] INFO  o.a.m.s.f.DefaultMavenResourcesFiltering - skip non existing resourceDirectory E:\year3_1\qa\SQAProjectWorkspace\SQA_Project\java\TemplateMethod\example\src\main\resources
2024-08-26 02:04:20,391 [Worker-44: Building] INFO  o.a.m.s.f.DefaultMavenResourcesFiltering - skip non existing resourceDirectory E:\year3_1\qa\SQAProjectWorkspace\SQA_Project\java\TemplateMethod\example\src\test\resources
2024-08-26 02:05:07,506 [Worker-41: Building] INFO  o.a.m.s.f.DefaultMavenResourcesFiltering - skip non existing resourceDirectory E:\year3_1\qa\SQAProjectWorkspace\SQA_Project\java\TemplateMethod\example\src\main\resources
2024-08-26 02:05:07,509 [Worker-41: Building] INFO  o.a.m.s.f.DefaultMavenResourcesFiltering - skip non existing resourceDirectory E:\year3_1\qa\SQAProjectWorkspace\SQA_Project\java\TemplateMethod\example\src\test\resources
2024-08-26 02:05:30,058 [Worker-41: Building] INFO  o.a.m.s.f.DefaultMavenResourcesFiltering - skip non existing resourceDirectory E:\year3_1\qa\SQAProjectWorkspace\SQA_Project\java\TemplateMethod\example\src\main\resources
2024-08-26 02:05:30,059 [Worker-41: Building] INFO  o.a.m.s.f.DefaultMavenResourcesFiltering - skip non existing resourceDirectory E:\year3_1\qa\SQAProjectWorkspace\SQA_Project\java\TemplateMethod\example\src\test\resources
2024-08-26 02:07:00,849 [Worker-41: Building] INFO  o.a.m.s.f.DefaultMavenResourcesFiltering - skip non existing resourceDirectory E:\year3_1\qa\SQAProjectWorkspace\SQA_Project\java\TemplateMethod\example\src\main\resources
2024-08-26 02:07:00,850 [Worker-41: Building] INFO  o.a.m.s.f.DefaultMavenResourcesFiltering - skip non existing resourceDirectory E:\year3_1\qa\SQAProjectWorkspace\SQA_Project\java\TemplateMethod\example\src\test\resources
2024-08-26 02:07:20,007 [Worker-42: Building] INFO  o.a.m.s.f.DefaultMavenResourcesFiltering - skip non existing resourceDirectory E:\year3_1\qa\SQAProjectWorkspace\SQA_Project\java\TemplateMethod\example\src\main\resources
2024-08-26 02:07:20,008 [Worker-42: Building] INFO  o.a.m.s.f.DefaultMavenResourcesFiltering - skip non existing resourceDirectory E:\year3_1\qa\SQAProjectWorkspace\SQA_Project\java\TemplateMethod\example\src\test\resources
2024-08-26 02:09:24,790 [Worker-46: Building] INFO  o.a.m.s.f.DefaultMavenResourcesFiltering - skip non existing resourceDirectory E:\year3_1\qa\SQAProjectWorkspace\SQA_Project\java\TemplateMethod\example\src\main\resources
2024-08-26 02:09:24,792 [Worker-46: Building] INFO  o.a.m.s.f.DefaultMavenResourcesFiltering - skip non existing resourceDirectory E:\year3_1\qa\SQAProjectWorkspace\SQA_Project\java\TemplateMethod\example\src\test\resources
2024-08-26 02:09:41,986 [Worker-47: Building] INFO  o.a.m.s.f.DefaultMavenResourcesFiltering - skip non existing resourceDirectory E:\year3_1\qa\SQAProjectWorkspace\SQA_Project\java\TemplateMethod\example\src\main\resources
2024-08-26 02:09:41,987 [Worker-47: Building] INFO  o.a.m.s.f.DefaultMavenResourcesFiltering - skip non existing resourceDirectory E:\year3_1\qa\SQAProjectWorkspace\SQA_Project\java\TemplateMethod\example\src\test\resources
2024-08-26 02:09:44,076 [Worker-48: Building] INFO  o.a.m.s.f.DefaultMavenResourcesFiltering - skip non existing resourceDirectory E:\year3_1\qa\SQAProjectWorkspace\SQA_Project\java\TemplateMethod\example\src\main\resources
2024-08-26 02:09:44,077 [Worker-48: Building] INFO  o.a.m.s.f.DefaultMavenResourcesFiltering - skip non existing resourceDirectory E:\year3_1\qa\SQAProjectWorkspace\SQA_Project\java\TemplateMethod\example\src\test\resources
2024-08-26 02:10:40,203 [Worker-46: Building] INFO  o.a.m.s.f.DefaultMavenResourcesFiltering - skip non existing resourceDirectory E:\year3_1\qa\SQAProjectWorkspace\SQA_Project\java\TemplateMethod\example\src\main\resources
2024-08-26 02:10:40,203 [Worker-46: Building] INFO  o.a.m.s.f.DefaultMavenResourcesFiltering - skip non existing resourceDirectory E:\year3_1\qa\SQAProjectWorkspace\SQA_Project\java\TemplateMethod\example\src\test\resources
2024-08-26 02:11:11,953 [Worker-47: Building] INFO  o.a.m.s.f.DefaultMavenResourcesFiltering - skip non existing resourceDirectory E:\year3_1\qa\SQAProjectWorkspace\SQA_Project\java\TemplateMethod\example\src\main\resources
2024-08-26 02:11:11,955 [Worker-47: Building] INFO  o.a.m.s.f.DefaultMavenResourcesFiltering - skip non existing resourceDirectory E:\year3_1\qa\SQAProjectWorkspace\SQA_Project\java\TemplateMethod\example\src\test\resources
2024-08-26 02:12:38,369 [Worker-46: Building] INFO  o.a.m.s.f.DefaultMavenResourcesFiltering - skip non existing resourceDirectory E:\year3_1\qa\SQAProjectWorkspace\SQA_Project\java\TemplateMethod\example\src\main\resources
2024-08-26 02:12:38,370 [Worker-46: Building] INFO  o.a.m.s.f.DefaultMavenResourcesFiltering - skip non existing resourceDirectory E:\year3_1\qa\SQAProjectWorkspace\SQA_Project\java\TemplateMethod\example\src\test\resources
2024-08-26 02:14:04,035 [Worker-48: Building] INFO  o.a.m.s.f.DefaultMavenResourcesFiltering - skip non existing resourceDirectory E:\year3_1\qa\SQAProjectWorkspace\SQA_Project\java\TemplateMethod\example\src\main\resources
2024-08-26 02:14:04,036 [Worker-48: Building] INFO  o.a.m.s.f.DefaultMavenResourcesFiltering - skip non existing resourceDirectory E:\year3_1\qa\SQAProjectWorkspace\SQA_Project\java\TemplateMethod\example\src\test\resources
2024-08-26 02:15:53,114 [Worker-48: Building] INFO  o.a.m.s.f.DefaultMavenResourcesFiltering - skip non existing resourceDirectory E:\year3_1\qa\SQAProjectWorkspace\SQA_Project\java\TemplateMethod\example\src\main\resources
2024-08-26 02:15:53,115 [Worker-48: Building] INFO  o.a.m.s.f.DefaultMavenResourcesFiltering - skip non existing resourceDirectory E:\year3_1\qa\SQAProjectWorkspace\SQA_Project\java\TemplateMethod\example\src\test\resources
2024-08-26 02:16:17,747 [Worker-53: Building] INFO  o.a.m.s.f.DefaultMavenResourcesFiltering - skip non existing resourceDirectory E:\year3_1\qa\SQAProjectWorkspace\SQA_Project\java\TemplateMethod\example\src\main\resources
2024-08-26 02:16:17,748 [Worker-53: Building] INFO  o.a.m.s.f.DefaultMavenResourcesFiltering - skip non existing resourceDirectory E:\year3_1\qa\SQAProjectWorkspace\SQA_Project\java\TemplateMethod\example\src\test\resources
2024-08-26 02:17:07,176 [Worker-46: Building] INFO  o.a.m.s.f.DefaultMavenResourcesFiltering - skip non existing resourceDirectory E:\year3_1\qa\SQAProjectWorkspace\SQA_Project\java\TemplateMethod\example\src\main\resources
2024-08-26 02:17:07,177 [Worker-46: Building] INFO  o.a.m.s.f.DefaultMavenResourcesFiltering - skip non existing resourceDirectory E:\year3_1\qa\SQAProjectWorkspace\SQA_Project\java\TemplateMethod\example\src\test\resources
2024-08-26 02:17:18,808 [Worker-51: Building] INFO  o.a.m.s.f.DefaultMavenResourcesFiltering - skip non existing resourceDirectory E:\year3_1\qa\SQAProjectWorkspace\SQA_Project\java\TemplateMethod\example\src\main\resources
2024-08-26 02:17:18,809 [Worker-51: Building] INFO  o.a.m.s.f.DefaultMavenResourcesFiltering - skip non existing resourceDirectory E:\year3_1\qa\SQAProjectWorkspace\SQA_Project\java\TemplateMethod\example\src\test\resources
2024-08-26 02:17:53,115 [Worker-52: Building] INFO  o.a.m.s.f.DefaultMavenResourcesFiltering - skip non existing resourceDirectory E:\year3_1\qa\SQAProjectWorkspace\SQA_Project\java\TemplateMethod\example\src\main\resources
2024-08-26 02:17:53,116 [Worker-52: Building] INFO  o.a.m.s.f.DefaultMavenResourcesFiltering - skip non existing resourceDirectory E:\year3_1\qa\SQAProjectWorkspace\SQA_Project\java\TemplateMethod\example\src\test\resources
2024-08-26 02:18:14,928 [Worker-52: Building] INFO  o.a.m.s.f.DefaultMavenResourcesFiltering - skip non existing resourceDirectory E:\year3_1\qa\SQAProjectWorkspace\SQA_Project\java\TemplateMethod\example\src\main\resources
2024-08-26 02:18:14,929 [Worker-52: Building] INFO  o.a.m.s.f.DefaultMavenResourcesFiltering - skip non existing resourceDirectory E:\year3_1\qa\SQAProjectWorkspace\SQA_Project\java\TemplateMethod\example\src\test\resources
2024-08-26 02:20:53,736 [Worker-54: Building] INFO  o.a.m.s.f.DefaultMavenResourcesFiltering - skip non existing resourceDirectory E:\year3_1\qa\SQAProjectWorkspace\SQA_Project\java\TemplateMethod\example\src\main\resources
2024-08-26 02:20:53,737 [Worker-54: Building] INFO  o.a.m.s.f.DefaultMavenResourcesFiltering - skip non existing resourceDirectory E:\year3_1\qa\SQAProjectWorkspace\SQA_Project\java\TemplateMethod\example\src\test\resources
2024-08-26 02:21:05,969 [Worker-46: Building] INFO  o.a.m.s.f.DefaultMavenResourcesFiltering - skip non existing resourceDirectory E:\year3_1\qa\SQAProjectWorkspace\SQA_Project\java\TemplateMethod\example\src\main\resources
2024-08-26 02:21:05,970 [Worker-46: Building] INFO  o.a.m.s.f.DefaultMavenResourcesFiltering - skip non existing resourceDirectory E:\year3_1\qa\SQAProjectWorkspace\SQA_Project\java\TemplateMethod\example\src\test\resources
2024-08-26 02:21:57,820 [Worker-54: Building] INFO  o.a.m.s.f.DefaultMavenResourcesFiltering - skip non existing resourceDirectory E:\year3_1\qa\SQAProjectWorkspace\SQA_Project\java\TemplateMethod\example\src\main\resources
2024-08-26 02:21:57,821 [Worker-54: Building] INFO  o.a.m.s.f.DefaultMavenResourcesFiltering - skip non existing resourceDirectory E:\year3_1\qa\SQAProjectWorkspace\SQA_Project\java\TemplateMethod\example\src\test\resources
2024-08-26 02:22:05,640 [Worker-46: Building] INFO  o.a.m.s.f.DefaultMavenResourcesFiltering - skip non existing resourceDirectory E:\year3_1\qa\SQAProjectWorkspace\SQA_Project\java\TemplateMethod\example\src\main\resources
2024-08-26 02:22:05,643 [Worker-46: Building] INFO  o.a.m.s.f.DefaultMavenResourcesFiltering - skip non existing resourceDirectory E:\year3_1\qa\SQAProjectWorkspace\SQA_Project\java\TemplateMethod\example\src\test\resources
2024-08-26 02:23:39,197 [Worker-54: Building] INFO  o.a.m.s.f.DefaultMavenResourcesFiltering - skip non existing resourceDirectory E:\year3_1\qa\SQAProjectWorkspace\SQA_Project\java\TemplateMethod\example\src\main\resources
2024-08-26 02:23:39,199 [Worker-54: Building] INFO  o.a.m.s.f.DefaultMavenResourcesFiltering - skip non existing resourceDirectory E:\year3_1\qa\SQAProjectWorkspace\SQA_Project\java\TemplateMethod\example\src\test\resources
2024-08-26 02:23:52,316 [Worker-46: Building] INFO  o.a.m.s.f.DefaultMavenResourcesFiltering - skip non existing resourceDirectory E:\year3_1\qa\SQAProjectWorkspace\SQA_Project\java\TemplateMethod\example\src\main\resources
2024-08-26 02:23:52,317 [Worker-46: Building] INFO  o.a.m.s.f.DefaultMavenResourcesFiltering - skip non existing resourceDirectory E:\year3_1\qa\SQAProjectWorkspace\SQA_Project\java\TemplateMethod\example\src\test\resources
2024-08-26 02:24:02,120 [Worker-33: Building] INFO  o.a.m.s.f.DefaultMavenResourcesFiltering - skip non existing resourceDirectory E:\year3_1\qa\SQAProjectWorkspace\SQA_Project\java\TemplateMethod\example\src\main\resources
2024-08-26 02:24:02,121 [Worker-33: Building] INFO  o.a.m.s.f.DefaultMavenResourcesFiltering - skip non existing resourceDirectory E:\year3_1\qa\SQAProjectWorkspace\SQA_Project\java\TemplateMethod\example\src\test\resources
2024-08-26 02:24:08,504 [Worker-53: Building] INFO  o.a.m.s.f.DefaultMavenResourcesFiltering - skip non existing resourceDirectory E:\year3_1\qa\SQAProjectWorkspace\SQA_Project\java\TemplateMethod\example\src\main\resources
2024-08-26 02:24:08,505 [Worker-53: Building] INFO  o.a.m.s.f.DefaultMavenResourcesFiltering - skip non existing resourceDirectory E:\year3_1\qa\SQAProjectWorkspace\SQA_Project\java\TemplateMethod\example\src\test\resources
2024-08-26 02:24:09,690 [Worker-46: Building] INFO  o.a.m.s.f.DefaultMavenResourcesFiltering - skip non existing resourceDirectory E:\year3_1\qa\SQAProjectWorkspace\SQA_Project\java\TemplateMethod\example\src\main\resources
2024-08-26 02:24:09,691 [Worker-46: Building] INFO  o.a.m.s.f.DefaultMavenResourcesFiltering - skip non existing resourceDirectory E:\year3_1\qa\SQAProjectWorkspace\SQA_Project\java\TemplateMethod\example\src\test\resources
2024-08-26 02:25:14,623 [Worker-53: Building] INFO  o.a.m.s.f.DefaultMavenResourcesFiltering - skip non existing resourceDirectory E:\year3_1\qa\SQAProjectWorkspace\SQA_Project\java\TemplateMethod\example\src\main\resources
2024-08-26 02:25:14,625 [Worker-53: Building] INFO  o.a.m.s.f.DefaultMavenResourcesFiltering - skip non existing resourceDirectory E:\year3_1\qa\SQAProjectWorkspace\SQA_Project\java\TemplateMethod\example\src\test\resources
2024-08-26 02:25:27,013 [Worker-54: Building] INFO  o.a.m.s.f.DefaultMavenResourcesFiltering - skip non existing resourceDirectory E:\year3_1\qa\SQAProjectWorkspace\SQA_Project\java\TemplateMethod\example\src\main\resources
2024-08-26 02:25:27,013 [Worker-54: Building] INFO  o.a.m.s.f.DefaultMavenResourcesFiltering - skip non existing resourceDirectory E:\year3_1\qa\SQAProjectWorkspace\SQA_Project\java\TemplateMethod\example\src\test\resources
2024-08-26 02:26:23,008 [Worker-54: Building] INFO  o.a.m.s.f.DefaultMavenResourcesFiltering - skip non existing resourceDirectory E:\year3_1\qa\SQAProjectWorkspace\SQA_Project\java\TemplateMethod\example\src\main\resources
2024-08-26 02:26:23,009 [Worker-54: Building] INFO  o.a.m.s.f.DefaultMavenResourcesFiltering - skip non existing resourceDirectory E:\year3_1\qa\SQAProjectWorkspace\SQA_Project\java\TemplateMethod\example\src\test\resources
2024-08-26 02:26:44,502 [Worker-52: Building] INFO  o.a.m.s.f.DefaultMavenResourcesFiltering - skip non existing resourceDirectory E:\year3_1\qa\SQAProjectWorkspace\SQA_Project\java\TemplateMethod\example\src\main\resources
2024-08-26 02:26:44,504 [Worker-52: Building] INFO  o.a.m.s.f.DefaultMavenResourcesFiltering - skip non existing resourceDirectory E:\year3_1\qa\SQAProjectWorkspace\SQA_Project\java\TemplateMethod\example\src\test\resources
2024-08-26 02:29:23,777 [Worker-55: Building] INFO  o.a.m.s.f.DefaultMavenResourcesFiltering - skip non existing resourceDirectory E:\year3_1\qa\SQAProjectWorkspace\SQA_Project\java\TemplateMethod\example\src\main\resources
2024-08-26 02:29:23,779 [Worker-55: Building] INFO  o.a.m.s.f.DefaultMavenResourcesFiltering - skip non existing resourceDirectory E:\year3_1\qa\SQAProjectWorkspace\SQA_Project\java\TemplateMethod\example\src\test\resources
2024-08-26 02:29:27,517 [Worker-48: Building] INFO  o.a.m.s.f.DefaultMavenResourcesFiltering - skip non existing resourceDirectory E:\year3_1\qa\SQAProjectWorkspace\SQA_Project\java\TemplateMethod\example\src\main\resources
2024-08-26 02:29:27,518 [Worker-48: Building] INFO  o.a.m.s.f.DefaultMavenResourcesFiltering - skip non existing resourceDirectory E:\year3_1\qa\SQAProjectWorkspace\SQA_Project\java\TemplateMethod\example\src\test\resources
2024-08-26 02:29:44,751 [Worker-55: Building] INFO  o.a.m.s.f.DefaultMavenResourcesFiltering - skip non existing resourceDirectory E:\year3_1\qa\SQAProjectWorkspace\SQA_Project\java\TemplateMethod\example\src\main\resources
2024-08-26 02:29:44,752 [Worker-55: Building] INFO  o.a.m.s.f.DefaultMavenResourcesFiltering - skip non existing resourceDirectory E:\year3_1\qa\SQAProjectWorkspace\SQA_Project\java\TemplateMethod\example\src\test\resources
2024-08-26 02:30:01,376 [Worker-46: Building] INFO  o.a.m.s.f.DefaultMavenResourcesFiltering - skip non existing resourceDirectory E:\year3_1\qa\SQAProjectWorkspace\SQA_Project\java\TemplateMethod\example\src\main\resources
2024-08-26 02:30:01,377 [Worker-46: Building] INFO  o.a.m.s.f.DefaultMavenResourcesFiltering - skip non existing resourceDirectory E:\year3_1\qa\SQAProjectWorkspace\SQA_Project\java\TemplateMethod\example\src\test\resources
2024-08-26 02:32:13,390 [Worker-56: Building] INFO  o.a.m.s.f.DefaultMavenResourcesFiltering - skip non existing resourceDirectory E:\year3_1\qa\SQAProjectWorkspace\SQA_Project\java\TemplateMethod\example\src\main\resources
2024-08-26 02:32:13,391 [Worker-56: Building] INFO  o.a.m.s.f.DefaultMavenResourcesFiltering - skip non existing resourceDirectory E:\year3_1\qa\SQAProjectWorkspace\SQA_Project\java\TemplateMethod\example\src\test\resources
2024-08-26 02:32:26,135 [Worker-58: Building] INFO  o.a.m.s.f.DefaultMavenResourcesFiltering - skip non existing resourceDirectory E:\year3_1\qa\SQAProjectWorkspace\SQA_Project\java\TemplateMethod\example\src\main\resources
2024-08-26 02:32:26,136 [Worker-58: Building] INFO  o.a.m.s.f.DefaultMavenResourcesFiltering - skip non existing resourceDirectory E:\year3_1\qa\SQAProjectWorkspace\SQA_Project\java\TemplateMethod\example\src\test\resources
2024-08-26 02:32:33,475 [Worker-33: Building] INFO  o.a.m.s.f.DefaultMavenResourcesFiltering - skip non existing resourceDirectory E:\year3_1\qa\SQAProjectWorkspace\SQA_Project\java\TemplateMethod\example\src\main\resources
2024-08-26 02:32:33,476 [Worker-33: Building] INFO  o.a.m.s.f.DefaultMavenResourcesFiltering - skip non existing resourceDirectory E:\year3_1\qa\SQAProjectWorkspace\SQA_Project\java\TemplateMethod\example\src\test\resources
2024-08-26 02:32:53,947 [Worker-56: Building] INFO  o.a.m.s.f.DefaultMavenResourcesFiltering - skip non existing resourceDirectory E:\year3_1\qa\SQAProjectWorkspace\SQA_Project\java\TemplateMethod\example\src\main\resources
2024-08-26 02:32:53,948 [Worker-56: Building] INFO  o.a.m.s.f.DefaultMavenResourcesFiltering - skip non existing resourceDirectory E:\year3_1\qa\SQAProjectWorkspace\SQA_Project\java\TemplateMethod\example\src\test\resources
2024-08-26 02:33:32,209 [Worker-57: Building] INFO  o.a.m.s.f.DefaultMavenResourcesFiltering - skip non existing resourceDirectory E:\year3_1\qa\SQAProjectWorkspace\SQA_Project\java\TemplateMethod\example\src\main\resources
2024-08-26 02:33:32,210 [Worker-57: Building] INFO  o.a.m.s.f.DefaultMavenResourcesFiltering - skip non existing resourceDirectory E:\year3_1\qa\SQAProjectWorkspace\SQA_Project\java\TemplateMethod\example\src\test\resources
2024-08-26 02:33:49,303 [Worker-53: Building] INFO  o.e.m.c.i.l.LifecycleMappingFactory - Using org.eclipse.m2e.jdt.JarLifecycleMapping lifecycle mapping for MavenProject: com.template.maven:example:0.0.1-SNAPSHOT @ E:\year3_1\qa\SQAProjectWorkspace\SQA_Project\java\TemplateMethod\example\pom.xml.
2024-08-26 02:33:49,398 [Worker-53: Building] INFO  o.e.m.c.i.e.AbstractTransferListenerAdapter - Downloading https://repo.maven.apache.org/maven2/junit/junit/4.13.2/junit-4.13.2.pom
2024-08-26 02:33:49,423 [Worker-53: Building] INFO  o.e.m.c.i.e.AbstractTransferListenerAdapter - Downloaded https://repo.maven.apache.org/maven2/junit/junit/4.13.2/junit-4.13.2.pom
2024-08-26 02:33:49,460 [Worker-53: Building] INFO  o.e.m.c.i.e.AbstractTransferListenerAdapter - Downloading https://repo.maven.apache.org/maven2/junit/junit/4.13.2/junit-4.13.2.jar
2024-08-26 02:33:49,533 [Worker-53: Building] INFO  o.e.m.c.i.e.AbstractTransferListenerAdapter - Downloaded https://repo.maven.apache.org/maven2/junit/junit/4.13.2/junit-4.13.2.jar
2024-08-26 02:33:49,624 [Worker-53: Building] INFO  o.a.m.s.f.DefaultMavenResourcesFiltering - skip non existing resourceDirectory E:\year3_1\qa\SQAProjectWorkspace\SQA_Project\java\TemplateMethod\example\src\main\resources
2024-08-26 02:33:49,628 [Worker-53: Building] INFO  o.a.m.s.f.DefaultMavenResourcesFiltering - skip non existing resourceDirectory E:\year3_1\qa\SQAProjectWorkspace\SQA_Project\java\TemplateMethod\example\src\test\resources
2024-08-26 02:33:50,656 [Worker-53: Download sources and javadoc] INFO  o.e.m.c.i.e.AbstractTransferListenerAdapter - Downloading https://repo.maven.apache.org/maven2/junit/junit/4.13.2/junit-4.13.2-sources.jar
2024-08-26 02:33:50,720 [Worker-53: Download sources and javadoc] INFO  o.e.m.c.i.e.AbstractTransferListenerAdapter - Downloaded https://repo.maven.apache.org/maven2/junit/junit/4.13.2/junit-4.13.2-sources.jar
2024-08-26 02:33:50,722 [Worker-53: Download sources and javadoc] INFO  o.e.m.j.internal.DownloadSourcesJob - Downloaded sources for junit:junit:4.13.2
2024-08-26 02:33:51,095 [Worker-56: Building] INFO  o.a.m.s.f.DefaultMavenResourcesFiltering - skip non existing resourceDirectory E:\year3_1\qa\SQAProjectWorkspace\SQA_Project\java\TemplateMethod\example\src\main\resources
2024-08-26 02:33:51,097 [Worker-56: Building] INFO  o.a.m.s.f.DefaultMavenResourcesFiltering - skip non existing resourceDirectory E:\year3_1\qa\SQAProjectWorkspace\SQA_Project\java\TemplateMethod\example\src\test\resources
2024-08-26 02:34:36,334 [Worker-33: Building] INFO  o.e.m.c.i.l.LifecycleMappingFactory - Using org.eclipse.m2e.jdt.JarLifecycleMapping lifecycle mapping for MavenProject: com.template.maven:example:0.0.1-SNAPSHOT @ E:\year3_1\qa\SQAProjectWorkspace\SQA_Project\java\TemplateMethod\example\pom.xml.
2024-08-26 02:34:36,419 [Worker-33: Building] INFO  o.a.m.s.f.DefaultMavenResourcesFiltering - skip non existing resourceDirectory E:\year3_1\qa\SQAProjectWorkspace\SQA_Project\java\TemplateMethod\example\src\main\resources
2024-08-26 02:34:36,421 [Worker-33: Building] INFO  o.a.m.s.f.DefaultMavenResourcesFiltering - skip non existing resourceDirectory E:\year3_1\qa\SQAProjectWorkspace\SQA_Project\java\TemplateMethod\example\src\test\resources
2024-08-26 02:34:53,441 [Worker-53: Building] INFO  o.a.m.s.f.DefaultMavenResourcesFiltering - skip non existing resourceDirectory E:\year3_1\qa\SQAProjectWorkspace\SQA_Project\java\TemplateMethod\example\src\main\resources
2024-08-26 02:34:53,442 [Worker-53: Building] INFO  o.a.m.s.f.DefaultMavenResourcesFiltering - skip non existing resourceDirectory E:\year3_1\qa\SQAProjectWorkspace\SQA_Project\java\TemplateMethod\example\src\test\resources
2024-08-26 02:35:35,643 [Worker-57: Building] INFO  o.e.m.c.i.l.LifecycleMappingFactory - Using org.eclipse.m2e.jdt.JarLifecycleMapping lifecycle mapping for MavenProject: com.template.maven:example:0.0.1-SNAPSHOT @ E:\year3_1\qa\SQAProjectWorkspace\SQA_Project\java\TemplateMethod\example\pom.xml.
2024-08-26 02:35:35,737 [Worker-57: Building] INFO  o.a.m.s.f.DefaultMavenResourcesFiltering - skip non existing resourceDirectory E:\year3_1\qa\SQAProjectWorkspace\SQA_Project\java\TemplateMethod\example\src\main\resources
2024-08-26 02:35:35,739 [Worker-57: Building] INFO  o.a.m.s.f.DefaultMavenResourcesFiltering - skip non existing resourceDirectory E:\year3_1\qa\SQAProjectWorkspace\SQA_Project\java\TemplateMethod\example\src\test\resources
2024-08-26 02:35:37,032 [Worker-33: Building] INFO  o.a.m.s.f.DefaultMavenResourcesFiltering - skip non existing resourceDirectory E:\year3_1\qa\SQAProjectWorkspace\SQA_Project\java\TemplateMethod\example\src\main\resources
2024-08-26 02:35:37,033 [Worker-33: Building] INFO  o.a.m.s.f.DefaultMavenResourcesFiltering - skip non existing resourceDirectory E:\year3_1\qa\SQAProjectWorkspace\SQA_Project\java\TemplateMethod\example\src\test\resources
2024-08-26 02:36:13,251 [Worker-60: Building] INFO  o.a.m.s.f.DefaultMavenResourcesFiltering - skip non existing resourceDirectory E:\year3_1\qa\SQAProjectWorkspace\SQA_Project\java\TemplateMethod\example\src\main\resources
2024-08-26 02:36:13,252 [Worker-60: Building] INFO  o.a.m.s.f.DefaultMavenResourcesFiltering - skip non existing resourceDirectory E:\year3_1\qa\SQAProjectWorkspace\SQA_Project\java\TemplateMethod\example\src\test\resources
2024-08-26 02:36:42,666 [Worker-46: Building] INFO  o.a.m.s.f.DefaultMavenResourcesFiltering - skip non existing resourceDirectory E:\year3_1\qa\SQAProjectWorkspace\SQA_Project\java\TemplateMethod\example\src\main\resources
2024-08-26 02:36:42,668 [Worker-46: Building] INFO  o.a.m.s.f.DefaultMavenResourcesFiltering - skip non existing resourceDirectory E:\year3_1\qa\SQAProjectWorkspace\SQA_Project\java\TemplateMethod\example\src\test\resources
2024-08-26 02:37:12,741 [Worker-57: Building] INFO  o.a.m.s.f.DefaultMavenResourcesFiltering - skip non existing resourceDirectory E:\year3_1\qa\SQAProjectWorkspace\SQA_Project\java\TemplateMethod\example\src\main\resources
2024-08-26 02:37:12,742 [Worker-57: Building] INFO  o.a.m.s.f.DefaultMavenResourcesFiltering - skip non existing resourceDirectory E:\year3_1\qa\SQAProjectWorkspace\SQA_Project\java\TemplateMethod\example\src\test\resources
2024-08-26 02:37:19,623 [Worker-58: Building] INFO  o.a.m.s.f.DefaultMavenResourcesFiltering - skip non existing resourceDirectory E:\year3_1\qa\SQAProjectWorkspace\SQA_Project\java\TemplateMethod\example\src\main\resources
2024-08-26 02:37:19,624 [Worker-58: Building] INFO  o.a.m.s.f.DefaultMavenResourcesFiltering - skip non existing resourceDirectory E:\year3_1\qa\SQAProjectWorkspace\SQA_Project\java\TemplateMethod\example\src\test\resources
2024-08-26 02:37:33,451 [Worker-33: Building] INFO  o.a.m.s.f.DefaultMavenResourcesFiltering - skip non existing resourceDirectory E:\year3_1\qa\SQAProjectWorkspace\SQA_Project\java\TemplateMethod\example\src\main\resources
2024-08-26 02:37:33,452 [Worker-33: Building] INFO  o.a.m.s.f.DefaultMavenResourcesFiltering - skip non existing resourceDirectory E:\year3_1\qa\SQAProjectWorkspace\SQA_Project\java\TemplateMethod\example\src\test\resources
2024-08-26 02:37:41,655 [Worker-57: Building] INFO  o.a.m.s.f.DefaultMavenResourcesFiltering - skip non existing resourceDirectory E:\year3_1\qa\SQAProjectWorkspace\SQA_Project\java\TemplateMethod\example\src\main\resources
2024-08-26 02:37:41,656 [Worker-57: Building] INFO  o.a.m.s.f.DefaultMavenResourcesFiltering - skip non existing resourceDirectory E:\year3_1\qa\SQAProjectWorkspace\SQA_Project\java\TemplateMethod\example\src\test\resources
2024-08-26 02:41:38,462 [Worker-62: Building] INFO  o.a.m.s.f.DefaultMavenResourcesFiltering - skip non existing resourceDirectory E:\year3_1\qa\SQAProjectWorkspace\SQA_Project\java\TemplateMethod\example\src\main\resources
2024-08-26 02:41:38,463 [Worker-62: Building] INFO  o.a.m.s.f.DefaultMavenResourcesFiltering - skip non existing resourceDirectory E:\year3_1\qa\SQAProjectWorkspace\SQA_Project\java\TemplateMethod\example\src\test\resources
2024-08-26 02:41:51,674 [Worker-60: Building] INFO  o.a.m.s.f.DefaultMavenResourcesFiltering - skip non existing resourceDirectory E:\year3_1\qa\SQAProjectWorkspace\SQA_Project\java\TemplateMethod\example\src\main\resources
2024-08-26 02:41:51,675 [Worker-60: Building] INFO  o.a.m.s.f.DefaultMavenResourcesFiltering - skip non existing resourceDirectory E:\year3_1\qa\SQAProjectWorkspace\SQA_Project\java\TemplateMethod\example\src\test\resources
